[28-01-2025 14:27:10] [/auth/login.php] İlk veritabanına bağlanırken hata oluştu: SQLSTATE[HY000] [1049] Unknown database 'bsdsoft'
[28-01-2025 14:27:10] [/auth/login.php] İkinci veritabanına bağlanırken hata oluştu: SQLSTATE[HY000] [2002] php_network_getaddresses: getaddrinfo for sql210.infinityfree.com failed: No address associated with hostname
[28-01-2025 15:01:32] [/auth/login.php] İlk veritabanına bağlanıldı.
[28-01-2025 15:02:10] [/auth/register.php] İlk veritabanına bağlanıldı.
[01-02-2025 13:08:24] [/m%C3%BC%C5%9Fteriler/musteri_ekle.php] İlk veritabanına bağlanıldı.
[01-02-2025 13:21:19] [/urunler/urun_ekle.php] İlk veritabanına bağlanıldı.
[01-02-2025 15:13:34] [/satis_paneli.php] İlk veritabanına bağlanıldı.
[01-02-2025 15:13:34] [/kasa_bilgisi_getir.php] İlk veritabanına bağlanıldı.
[01-02-2025 15:31:43] [/marka/marka_ekle.php] İlk veritabanına bağlanıldı.
[01-02-2025 19:32:02] [/urunler/urun_listesi.php] İlk veritabanına bağlanıldı.
[02-02-2025 23:50:54] [/urunler/görsel_yonetimi.php] İlk veritabanına bağlanıldı.
[02-02-2025 23:52:10] [/update/hizli_fiyat_guncelle.php] İlk veritabanına bağlanıldı.
[02-02-2025 23:55:21] [/update/hizli_fiyat_guncelle.php?search=&product_group=&brand_id=&min_price=&max_price=] İlk veritabanına bağlanıldı.
[03-02-2025 00:06:29] [/update/urun_navigasyon_guncelle.php] İlk veritabanına bağlanıldı.
[03-02-2025 11:38:30] [/update/hizli_fiyat_guncelle.php?search=&product_group=4&brand_id=&min_price=&max_price=] İlk veritabanına bağlanıldı.
[03-02-2025 11:56:18] [/update/hizli_fiyat_guncelle.php?search=Doritos+&product_group=&brand_id=&min_price=&max_price=] İlk veritabanına bağlanıldı.
[04-02-2025 08:27:39] [/urunler/görsel_yonetimi.php?filter=no-image] İlk veritabanına bağlanıldı.
[04-02-2025 08:27:40] [/urunler/görsel_yonetimi.php?filter=has-image] İlk veritabanına bağlanıldı.
[04-02-2025 08:28:18] [/update/hizli_fiyat_guncelle.php?search=&product_group=1&brand_id=5&min_price=&max_price=] İlk veritabanına bağlanıldı.
[04-02-2025 09:53:30] [/musteri_kaydet.php] İlk veritabanına bağlanıldı.
[04-02-2025 10:06:25] [/satis_yonetimi/satis_paneli.php] İlk veritabanına bağlanıldı.
[04-02-2025 10:06:25] [/satis_yonetimi/kasa_bilgisi_getir.php] İlk veritabanına bağlanıldı.
[04-02-2025 10:06:31] [/satis_yonetimi/musteri_kaydet.php] İlk veritabanına bağlanıldı.
[04-02-2025 12:08:08] [/satis_yonetimi/satisi_tamamla.php] İlk veritabanına bağlanıldı.
[04-02-2025 10:08:08] [/satis_yonetimi/satis_paneli.php?error=1] İlk veritabanına bağlanıldı.
[04-02-2025 11:44:59] [/satis_yonetimi/satis_paneli.php?success=1] İlk veritabanına bağlanıldı.
[04-02-2025 14:04:25] [/satis_yonetimi/musteri_satisi.php] İlk veritabanına bağlanıldı.
[04-02-2025 13:08:32] [/kasa_yonetim/kasa_listesi.php] İlk veritabanına bağlanıldı.
[04-02-2025 15:08:34] [/kasa_yonetim/kasa_duzenle.php?id=19] İlk veritabanına bağlanıldı.
[04-02-2025 15:08:37] [/kasa_yonetim/kasa_duzenle.php?id=20] İlk veritabanına bağlanıldı.
[04-02-2025 15:10:08] [/kasa_yonetim/kasa_ekle.php] İlk veritabanına bağlanıldı.
[04-02-2025 15:31:52] [/test/index.php] İlk veritabanına bağlanıldı.
[04-02-2025 15:54:16] [/test/sales_panel1.php] İlk veritabanına bağlanıldı.
[04-02-2025 15:57:08] [/test/kasa_bilgisi_getir.php] İlk veritabanına bağlanıldı.
[04-02-2025 15:57:45] [/test/musteri_kaydet.php] İlk veritabanına bağlanıldı.
[04-02-2025 18:44:25] [/satis_yonetimi/process_sale.php] İlk veritabanına bağlanıldı.
[04-02-2025 18:53:09] [/update/urun_navigasyon_guncelle.php?product_id=2] İlk veritabanına bağlanıldı.
[04-02-2025 18:58:25] [/update/urun_navigasyon_guncelle.php?product_id=47] İlk veritabanına bağlanıldı.
[04-02-2025 18:58:40] [/update/urun_navigasyon_guncelle.php?product_id=46] İlk veritabanına bağlanıldı.
[04-02-2025 18:58:40] [/update/urun_navigasyon_guncelle.php?product_id=46&success=1] İlk veritabanına bağlanıldı.
[04-02-2025 18:58:46] [/update/urun_navigasyon_guncelle.php?product_id=48] İlk veritabanına bağlanıldı.
[04-02-2025 19:00:39] [/urunler/urun_listesi.php?product_name=Pil] İlk veritabanına bağlanıldı.
[04-02-2025 19:01:44] [/urunler/urun_duzenle.php?id=48] İlk veritabanına bağlanıldı.
[04-02-2025 19:05:36] [/update/urun_navigasyon_guncelle.php?filter_group=&filter_brand=5&apply_filter=] İlk veritabanına bağlanıldı.
[04-02-2025 19:08:17] [/update/urun_navigasyon_guncelle.php?filter_group=&filter_brand=4&apply_filter=] İlk veritabanına bağlanıldı.
[04-02-2025 19:08:25] [/update/urun_navigasyon_guncelle.php?filter_group=&filter_brand=1&apply_filter=] İlk veritabanına bağlanıldı.
[04-02-2025 19:08:32] [/update/urun_navigasyon_guncelle.php?filter_group=&filter_brand=10&apply_filter=] İlk veritabanına bağlanıldı.
[04-02-2025 19:11:27] [/update/urun_navigasyon_guncelle.php?filter_group=&filter_brand=9&apply_filter=] İlk veritabanına bağlanıldı.
[04-02-2025 19:14:44] [/update/urun_navigasyon_guncelle.php?product_id=3] İlk veritabanına bağlanıldı.
[04-02-2025 19:14:47] [/update/urun_navigasyon_guncelle.php?product_id=5] İlk veritabanına bağlanıldı.
[04-02-2025 19:14:48] [/update/urun_navigasyon_guncelle.php?product_id=6] İlk veritabanına bağlanıldı.
[04-02-2025 19:14:50] [/update/urun_navigasyon_guncelle.php?product_id=7] İlk veritabanına bağlanıldı.
[04-02-2025 19:14:51] [/update/urun_navigasyon_guncelle.php?product_id=8] İlk veritabanına bağlanıldı.
[04-02-2025 19:14:52] [/update/urun_navigasyon_guncelle.php?product_id=9] İlk veritabanına bağlanıldı.
[04-02-2025 19:14:52] [/update/urun_navigasyon_guncelle.php?product_id=10] İlk veritabanına bağlanıldı.
[04-02-2025 19:14:53] [/update/urun_navigasyon_guncelle.php?product_id=11] İlk veritabanına bağlanıldı.
[04-02-2025 19:14:54] [/update/urun_navigasyon_guncelle.php?product_id=12] İlk veritabanına bağlanıldı.
[04-02-2025 19:14:54] [/update/urun_navigasyon_guncelle.php?product_id=13] İlk veritabanına bağlanıldı.
[04-02-2025 19:14:55] [/update/urun_navigasyon_guncelle.php?product_id=14] İlk veritabanına bağlanıldı.
[04-02-2025 19:24:49] [/update/urun_navigasyon_guncelle.php?product_id=15] İlk veritabanına bağlanıldı.
[04-02-2025 19:24:51] [/update/urun_navigasyon_guncelle.php?product_id=16] İlk veritabanına bağlanıldı.
[04-02-2025 19:24:52] [/update/urun_navigasyon_guncelle.php?product_id=17] İlk veritabanına bağlanıldı.
[04-02-2025 19:24:53] [/update/urun_navigasyon_guncelle.php?product_id=18] İlk veritabanına bağlanıldı.
[04-02-2025 19:24:54] [/update/urun_navigasyon_guncelle.php?product_id=19] İlk veritabanına bağlanıldı.
[04-02-2025 19:25:10] [/update/urun_navigasyon_guncelle.php?product_id=20] İlk veritabanına bağlanıldı.
[04-02-2025 19:25:13] [/update/urun_navigasyon_guncelle.php?product_id=21] İlk veritabanına bağlanıldı.
[04-02-2025 19:25:14] [/update/urun_navigasyon_guncelle.php?product_id=22] İlk veritabanına bağlanıldı.
[04-02-2025 19:25:15] [/update/urun_navigasyon_guncelle.php?product_id=23] İlk veritabanına bağlanıldı.
[04-02-2025 19:25:24] [/update/urun_navigasyon_guncelle.php?product_id=24] İlk veritabanına bağlanıldı.
[04-02-2025 19:25:27] [/update/urun_navigasyon_guncelle.php?product_id=25] İlk veritabanına bağlanıldı.
[04-02-2025 19:29:28] [/update/görsel_yonetimi.php] İlk veritabanına bağlanıldı.
[04-02-2025 21:29:42] [/satislar/satis_listesi.php] İlk veritabanına bağlanıldı.
[04-02-2025 21:36:40] [/satislar/satis_listesi.php?date_filter=all&start_date=&end_date=] İlk veritabanına bağlanıldı.
[04-02-2025 21:37:33] [/satislar/satis_detaylari.php?sale_id=1] İlk veritabanına bağlanıldı.
[04-02-2025 21:40:08] [/satislar/satis_raporu.php] İlk veritabanına bağlanıldı.
[04-02-2025 19:41:24] [/m%C3%BC%C5%9Fteriler/m%C3%BC%C5%9Fteriler.php] İlk veritabanına bağlanıldı.
[04-02-2025 19:41:28] [/m%C3%BC%C5%9Fteriler/musteri_detay.php?customer_id=1] İlk veritabanına bağlanıldı.
[04-02-2025 19:41:31] [/m%C3%BC%C5%9Fteriler/musteri_ozet.php?id=1] İlk veritabanına bağlanıldı.
[04-02-2025 21:46:40] [/satislar/satis_takip.php] İlk veritabanına bağlanıldı.
[04-02-2025 21:47:01] [/satislar/satis_takip.php?filter_type=customer&start_date=&end_date=] İlk veritabanına bağlanıldı.
[04-02-2025 19:47:12] [/urun_gruplari/urun_grubu_listesi.php] İlk veritabanına bağlanıldı.
[04-02-2025 22:00:01] [/satislar/satis_listesi.php] İlk veritabanına bağlanırken hata oluştu: SQLSTATE[HY000] [2002] No such file or directory
[04-02-2025 22:00:01] [/satislar/satis_listesi.php] İkinci veritabanına bağlanıldı.
[04-02-2025 22:02:20] [/satislar/satis_detaylari.php?sale_id=1] İlk veritabanına bağlanırken hata oluştu: SQLSTATE[HY000] [2002] No such file or directory
[04-02-2025 22:02:20] [/satislar/satis_detaylari.php?sale_id=1] İkinci veritabanına bağlanıldı.
[04-02-2025 14:02:52] [/m%C3%BC%C5%9Fteriler/m%C3%BC%C5%9Fteriler.php] İlk veritabanına bağlanırken hata oluştu: SQLSTATE[HY000] [2002] No such file or directory
[04-02-2025 14:02:52] [/m%C3%BC%C5%9Fteriler/m%C3%BC%C5%9Fteriler.php] İkinci veritabanına bağlanıldı.
[04-02-2025 14:03:19] [/satis_yonetimi/satis_paneli.php] İlk veritabanına bağlanırken hata oluştu: SQLSTATE[HY000] [2002] No such file or directory
[04-02-2025 14:03:19] [/satis_yonetimi/satis_paneli.php] İkinci veritabanına bağlanıldı.
[04-02-2025 14:03:19] [/satis_yonetimi/kasa_bilgisi_getir.php] İlk veritabanına bağlanırken hata oluştu: SQLSTATE[HY000] [2002] No such file or directory
[04-02-2025 14:03:19] [/satis_yonetimi/kasa_bilgisi_getir.php] İkinci veritabanına bağlanıldı.
[05-02-2025 09:30:51] [/auth/login.php] İlk veritabanına bağlanırken hata oluştu: SQLSTATE[HY000] [2002] No such file or directory
[05-02-2025 09:30:51] [/auth/login.php] İkinci veritabanına bağlanıldı.
[05-02-2025 09:39:27] [/marka/marka_ekle.php] İlk veritabanına bağlanırken hata oluştu: SQLSTATE[HY000] [2002] No such file or directory
[05-02-2025 09:39:27] [/marka/marka_ekle.php] İkinci veritabanına bağlanıldı.
[05-02-2025 09:39:30] [/marka/marka_listesi.php] İlk veritabanına bağlanırken hata oluştu: SQLSTATE[HY000] [2002] No such file or directory
[05-02-2025 09:39:30] [/marka/marka_listesi.php] İkinci veritabanına bağlanıldı.
[05-02-2025 20:41:56] [/update/urun_navigasyon_guncelle.php?product_id=40] İlk veritabanına bağlanıldı.
[05-02-2025 20:42:01] [/update/urun_navigasyon_guncelle.php?product_id=126] İlk veritabanına bağlanıldı.
[05-02-2025 20:42:05] [/update/urun_navigasyon_guncelle.php?product_id=125] İlk veritabanına bağlanıldı.
[05-02-2025 20:44:17] [/update/urun_navigasyon_guncelle.php?product_id=125&success=1] İlk veritabanına bağlanıldı.
[05-02-2025 20:45:53] [/update/urun_navigasyon_guncelle.php?product_id=121] İlk veritabanına bağlanıldı.
[05-02-2025 20:48:43] [/update/update_product.php] İlk veritabanına bağlanıldı.
[05-02-2025 20:52:56] [/update/urun_navigasyon_guncelle.php?product_id=121&success=1] İlk veritabanına bağlanıldı.
[05-02-2025 20:57:33] [/update/urun_navigasyon_guncelle.php?product_id=114] İlk veritabanına bağlanıldı.
[05-02-2025 20:59:00] [/urun_gruplari/urun_grubu_ekle.php] İlk veritabanına bağlanıldı.
[05-02-2025 20:59:19] [/update/urun_navigasyon_guncelle.php?product_id=118] İlk veritabanına bağlanıldı.
[05-02-2025 20:59:29] [/update/urun_navigasyon_guncelle.php?product_id=123] İlk veritabanına bağlanıldı.
[05-02-2025 20:59:34] [/update/urun_navigasyon_guncelle.php?product_id=73] İlk veritabanına bağlanıldı.
[05-02-2025 21:00:25] [/update/urun_navigasyon_guncelle.php?product_id=74] İlk veritabanına bağlanıldı.
[05-02-2025 21:00:28] [/update/urun_navigasyon_guncelle.php?product_id=75] İlk veritabanına bağlanıldı.
[05-02-2025 21:03:26] [/update/urun_navigasyon_guncelle.php?product_id=75&success=1] İlk veritabanına bağlanıldı.
[05-02-2025 21:03:34] [/update/urun_navigasyon_guncelle.php?product_id=76] İlk veritabanına bağlanıldı.
[05-02-2025 21:03:38] [/update/urun_navigasyon_guncelle.php?product_id=77] İlk veritabanına bağlanıldı.
[05-02-2025 21:11:18] [/update/urun_navigasyon_guncelle.php?product_id=45] İlk veritabanına bağlanıldı.
[05-02-2025 21:15:34] [/grupdurum.php] İlk veritabanına bağlanıldı.
[05-02-2025 21:15:38] [/grupdurum.php?brand_id=2] İlk veritabanına bağlanıldı.
[05-02-2025 21:15:49] [/grupdurum.php?group_id=1] İlk veritabanına bağlanıldı.
[05-02-2025 21:27:47] [/grupdurum.php?group=1&brand=4] İlk veritabanına bağlanıldı.
[05-02-2025 21:28:05] [/grupdurum.php?group=&brand=4] İlk veritabanına bağlanıldı.
[05-02-2025 21:35:31] [/urunler/urun_listesi.php?product_name=&barcode=&product_group=&brand_id=5&min_price=&max_price=] İlk veritabanına bağlanıldı.
[05-02-2025 21:35:38] [/urunler/urun_duzenle.php?id=114] İlk veritabanına bağlanıldı.
[05-02-2025 22:35:23] [/urunler/urun_listesi.php?product_name=&barcode=&product_group=0&brand_id=7&min_price=&max_price=] İlk veritabanına bağlanıldı.
[05-02-2025 22:35:31] [/urunler/urun_duzenle.php?id=118] İlk veritabanına bağlanıldı.
[05-02-2025 22:44:59] [/urunler/urun_listesi.php?product_name=&barcode=&product_group=&brand_id=0&min_price=&max_price=] İlk veritabanına bağlanıldı.
[05-02-2025 16:46:28] [/update/urun_navigasyon_guncelle.php] İlk veritabanına bağlanırken hata oluştu: SQLSTATE[HY000] [2002] No such file or directory
[05-02-2025 16:46:28] [/update/urun_navigasyon_guncelle.php] İkinci veritabanına bağlanıldı.
[05-02-2025 16:46:42] [/update/urun_navigasyon_guncelle.php?product_id=46] İlk veritabanına bağlanırken hata oluştu: SQLSTATE[HY000] [2002] No such file or directory
[05-02-2025 16:46:42] [/update/urun_navigasyon_guncelle.php?product_id=46] İkinci veritabanına bağlanıldı.
[05-02-2025 16:46:49] [/update/urun_navigasyon_guncelle.php?product_id=47] İlk veritabanına bağlanırken hata oluştu: SQLSTATE[HY000] [2002] No such file or directory
[05-02-2025 16:46:49] [/update/urun_navigasyon_guncelle.php?product_id=47] İkinci veritabanına bağlanıldı.
[05-02-2025 16:46:51] [/update/urun_navigasyon_guncelle.php?product_id=48] İlk veritabanına bağlanırken hata oluştu: SQLSTATE[HY000] [2002] No such file or directory
[05-02-2025 16:46:51] [/update/urun_navigasyon_guncelle.php?product_id=48] İkinci veritabanına bağlanıldı.
[05-02-2025 16:46:54] [/update/urun_navigasyon_guncelle.php?product_id=49] İlk veritabanına bağlanırken hata oluştu: SQLSTATE[HY000] [2002] No such file or directory
[05-02-2025 16:46:54] [/update/urun_navigasyon_guncelle.php?product_id=49] İkinci veritabanına bağlanıldı.
[05-02-2025 16:46:56] [/update/urun_navigasyon_guncelle.php?product_id=50] İlk veritabanına bağlanırken hata oluştu: SQLSTATE[HY000] [2002] No such file or directory
[05-02-2025 16:46:56] [/update/urun_navigasyon_guncelle.php?product_id=50] İkinci veritabanına bağlanıldı.
[05-02-2025 16:46:59] [/update/urun_navigasyon_guncelle.php?product_id=51] İlk veritabanına bağlanırken hata oluştu: SQLSTATE[HY000] [2002] No such file or directory
[05-02-2025 16:46:59] [/update/urun_navigasyon_guncelle.php?product_id=51] İkinci veritabanına bağlanıldı.
[05-02-2025 16:47:12] [/update/urun_navigasyon_guncelle.php?product_id=51&success=1] İlk veritabanına bağlanırken hata oluştu: SQLSTATE[HY000] [2002] No such file or directory
[05-02-2025 16:47:12] [/update/urun_navigasyon_guncelle.php?product_id=51&success=1] İkinci veritabanına bağlanıldı.
[05-02-2025 16:47:39] [/update/urun_navigasyon_guncelle.php?product_id=52] İlk veritabanına bağlanırken hata oluştu: SQLSTATE[HY000] [2002] No such file or directory
[05-02-2025 16:47:39] [/update/urun_navigasyon_guncelle.php?product_id=52] İkinci veritabanına bağlanıldı.
[05-02-2025 16:47:41] [/update/urun_navigasyon_guncelle.php?product_id=53] İlk veritabanına bağlanırken hata oluştu: SQLSTATE[HY000] [2002] No such file or directory
[05-02-2025 16:47:41] [/update/urun_navigasyon_guncelle.php?product_id=53] İkinci veritabanına bağlanıldı.
[05-02-2025 16:47:45] [/update/urun_navigasyon_guncelle.php?product_id=54] İlk veritabanına bağlanırken hata oluştu: SQLSTATE[HY000] [2002] No such file or directory
[05-02-2025 16:47:45] [/update/urun_navigasyon_guncelle.php?product_id=54] İkinci veritabanına bağlanıldı.
[05-02-2025 16:47:48] [/update/urun_navigasyon_guncelle.php?product_id=55] İlk veritabanına bağlanırken hata oluştu: SQLSTATE[HY000] [2002] No such file or directory
[05-02-2025 16:47:48] [/update/urun_navigasyon_guncelle.php?product_id=55] İkinci veritabanına bağlanıldı.
[05-02-2025 16:47:50] [/update/urun_navigasyon_guncelle.php?product_id=56] İlk veritabanına bağlanırken hata oluştu: SQLSTATE[HY000] [2002] No such file or directory
[05-02-2025 16:47:50] [/update/urun_navigasyon_guncelle.php?product_id=56] İkinci veritabanına bağlanıldı.
[05-02-2025 16:47:54] [/update/urun_navigasyon_guncelle.php?product_id=57] İlk veritabanına bağlanırken hata oluştu: SQLSTATE[HY000] [2002] No such file or directory
[05-02-2025 16:47:54] [/update/urun_navigasyon_guncelle.php?product_id=57] İkinci veritabanına bağlanıldı.
[05-02-2025 16:47:57] [/update/urun_navigasyon_guncelle.php?product_id=58] İlk veritabanına bağlanırken hata oluştu: SQLSTATE[HY000] [2002] No such file or directory
[05-02-2025 16:47:57] [/update/urun_navigasyon_guncelle.php?product_id=58] İkinci veritabanına bağlanıldı.
[05-02-2025 16:48:00] [/update/urun_navigasyon_guncelle.php?product_id=59] İlk veritabanına bağlanırken hata oluştu: SQLSTATE[HY000] [2002] No such file or directory
[05-02-2025 16:48:00] [/update/urun_navigasyon_guncelle.php?product_id=59] İkinci veritabanına bağlanıldı.
[05-02-2025 16:48:03] [/update/urun_navigasyon_guncelle.php?product_id=60] İlk veritabanına bağlanırken hata oluştu: SQLSTATE[HY000] [2002] No such file or directory
[05-02-2025 16:48:03] [/update/urun_navigasyon_guncelle.php?product_id=60] İkinci veritabanına bağlanıldı.
[05-02-2025 16:48:15] [/update/urun_navigasyon_guncelle.php?product_id=60&success=1] İlk veritabanına bağlanırken hata oluştu: SQLSTATE[HY000] [2002] No such file or directory
[05-02-2025 16:48:15] [/update/urun_navigasyon_guncelle.php?product_id=60&success=1] İkinci veritabanına bağlanıldı.
[05-02-2025 16:48:22] [/update/urun_navigasyon_guncelle.php?product_id=61] İlk veritabanına bağlanırken hata oluştu: SQLSTATE[HY000] [2002] No such file or directory
[05-02-2025 16:48:22] [/update/urun_navigasyon_guncelle.php?product_id=61] İkinci veritabanına bağlanıldı.
[05-02-2025 16:48:25] [/update/urun_navigasyon_guncelle.php?product_id=62] İlk veritabanına bağlanırken hata oluştu: SQLSTATE[HY000] [2002] No such file or directory
[05-02-2025 16:48:25] [/update/urun_navigasyon_guncelle.php?product_id=62] İkinci veritabanına bağlanıldı.
[05-02-2025 16:48:28] [/update/urun_navigasyon_guncelle.php?product_id=63] İlk veritabanına bağlanırken hata oluştu: SQLSTATE[HY000] [2002] No such file or directory
[05-02-2025 16:48:28] [/update/urun_navigasyon_guncelle.php?product_id=63] İkinci veritabanına bağlanıldı.
[05-02-2025 16:48:30] [/update/urun_navigasyon_guncelle.php?product_id=64] İlk veritabanına bağlanırken hata oluştu: SQLSTATE[HY000] [2002] No such file or directory
[05-02-2025 16:48:30] [/update/urun_navigasyon_guncelle.php?product_id=64] İkinci veritabanına bağlanıldı.
[05-02-2025 16:48:36] [/update/urun_navigasyon_guncelle.php?product_id=65] İlk veritabanına bağlanırken hata oluştu: SQLSTATE[HY000] [2002] No such file or directory
[05-02-2025 16:48:36] [/update/urun_navigasyon_guncelle.php?product_id=65] İkinci veritabanına bağlanıldı.
[05-02-2025 16:48:55] [/update/urun_navigasyon_guncelle.php?product_id=65&success=1] İlk veritabanına bağlanırken hata oluştu: SQLSTATE[HY000] [2002] No such file or directory
[05-02-2025 16:48:55] [/update/urun_navigasyon_guncelle.php?product_id=65&success=1] İkinci veritabanına bağlanıldı.
[05-02-2025 16:49:00] [/update/urun_navigasyon_guncelle.php?product_id=66] İlk veritabanına bağlanırken hata oluştu: SQLSTATE[HY000] [2002] No such file or directory
[05-02-2025 16:49:00] [/update/urun_navigasyon_guncelle.php?product_id=66] İkinci veritabanına bağlanıldı.
[05-02-2025 16:49:05] [/update/urun_navigasyon_guncelle.php?product_id=67] İlk veritabanına bağlanırken hata oluştu: SQLSTATE[HY000] [2002] No such file or directory
[05-02-2025 16:49:05] [/update/urun_navigasyon_guncelle.php?product_id=67] İkinci veritabanına bağlanıldı.
[05-02-2025 16:49:17] [/urun_gruplari/urun_grubu_listesi.php] İlk veritabanına bağlanırken hata oluştu: SQLSTATE[HY000] [2002] No such file or directory
[05-02-2025 16:49:17] [/urun_gruplari/urun_grubu_listesi.php] İkinci veritabanına bağlanıldı.
[05-02-2025 16:49:21] [/urunler/urun_listesi.php] İlk veritabanına bağlanırken hata oluştu: SQLSTATE[HY000] [2002] No such file or directory
[05-02-2025 16:49:21] [/urunler/urun_listesi.php] İkinci veritabanına bağlanıldı.
[05-02-2025 16:49:29] [/urunler/urun_listesi.php?product_name=&barcode=&product_group=1&brand_id=&min_price=&max_price=] İlk veritabanına bağlanırken hata oluştu: SQLSTATE[HY000] [2002] No such file or directory
[05-02-2025 16:49:29] [/urunler/urun_listesi.php?product_name=&barcode=&product_group=1&brand_id=&min_price=&max_price=] İkinci veritabanına bağlanıldı.
[05-02-2025 16:49:34] [/urunler/urun_listesi.php?product_name&barcode&product_group=1&brand_id&min_price&max_price] İlk veritabanına bağlanırken hata oluştu: SQLSTATE[HY000] [2002] No such file or directory
[05-02-2025 16:49:34] [/urunler/urun_listesi.php?product_name&barcode&product_group=1&brand_id&min_price&max_price] İkinci veritabanına bağlanıldı.
[05-02-2025 16:49:47] [/urunler/urun_duzenle.php?id=69] İlk veritabanına bağlanırken hata oluştu: SQLSTATE[HY000] [2002] No such file or directory
[05-02-2025 16:49:47] [/urunler/urun_duzenle.php?id=69] İkinci veritabanına bağlanıldı.
[07-02-2025 06:32:48] [/urunler/urun_listesi.php?product_name=&barcode=86918091&product_group=&brand_id=&min_price=&max_price=] İlk veritabanına bağlanırken hata oluştu: SQLSTATE[HY000] [2002] No such file or directory
[07-02-2025 06:32:48] [/urunler/urun_listesi.php?product_name=&barcode=86918091&product_group=&brand_id=&min_price=&max_price=] İkinci veritabanına bağlanıldı.
[07-02-2025 06:33:00] [/urunler/urun_ekle.php] İlk veritabanına bağlanırken hata oluştu: SQLSTATE[HY000] [2002] No such file or directory
[07-02-2025 06:33:00] [/urunler/urun_ekle.php] İkinci veritabanına bağlanıldı.
[07-02-2025 07:01:57] [/m%C3%BC%C5%9Fteriler/view_customers.php] İlk veritabanına bağlanırken hata oluştu: SQLSTATE[HY000] [2002] No such file or directory
[07-02-2025 07:02:02] [/m%C3%BC%C5%9Fteriler/view_customers.php] İkinci veritabanına bağlanıldı.
[08-02-2025 13:53:58] [/urunler/urun_listesi.php?product_name=&barcode=&product_group=&brand_id=&hizli_urun=&min_price=&max_price=&i=1] İlk veritabanına bağlanırken hata oluştu: SQLSTATE[HY000] [2002] No such file or directory
[08-02-2025 13:53:58] [/urunler/urun_listesi.php?product_name=&barcode=&product_group=&brand_id=&hizli_urun=&min_price=&max_price=&i=1] İkinci veritabanına bağlanıldı.
[08-02-2025 17:59:19] [/urunler/urun_listesi.php?product_name=&barcode=&product_group=&brand_id=&hizli_urun=&min_price=&max_price=&i=2] İlk veritabanına bağlanırken hata oluştu: SQLSTATE[HY000] [2002] No such file or directory
[08-02-2025 17:59:19] [/urunler/urun_listesi.php?product_name=&barcode=&product_group=&brand_id=&hizli_urun=&min_price=&max_price=&i=2] İkinci veritabanına bağlanıldı.
[08-02-2025 17:59:31] [/urunler/urun_listesi.php?product_name&barcode&product_group&brand_id&hizli_urun&min_price&max_price&i=2] İlk veritabanına bağlanırken hata oluştu: SQLSTATE[HY000] [2002] No such file or directory
[08-02-2025 17:59:31] [/urunler/urun_listesi.php?product_name&barcode&product_group&brand_id&hizli_urun&min_price&max_price&i=2] İkinci veritabanına bağlanıldı.
[11-02-2025 23:20:27] [/marka/marka_listesi.php] İlk veritabanına bağlanıldı.
[13-02-2025 17:59:29] [/urunler/urun_listesi.php?product_name=Agua&barcode=&product_group=&brand_id=&min_price=&max_price=] İlk veritabanına bağlanıldı.
[13-02-2025 17:59:38] [/urunler/urun_listesi.php?product_name=A%C4%9Fua&barcode=&product_group=&brand_id=&min_price=&max_price=] İlk veritabanına bağlanıldı.
[13-02-2025 17:59:47] [/urunler/urun_listesi.php?product_name=&barcode=86919951&product_group=&brand_id=&min_price=&max_price=] İlk veritabanına bağlanıldı.
[13-02-2025 17:59:59] [/urunler/urun_duzenle.php?id=129] İlk veritabanına bağlanıldı.
[13-02-2025 18:48:11] [/update/hizli_fiyat_guncelle.php?search=&product_group=1&brand_id=3&min_price=&max_price=] İlk veritabanına bağlanıldı.
[13-02-2025 18:48:27] [/update/urun_navigasyon_guncelle.php?product_id=2&success=1] İlk veritabanına bağlanıldı.
[13-02-2025 18:48:35] [/update/urun_navigasyon_guncelle.php?product_id=3&success=1] İlk veritabanına bağlanıldı.
[13-02-2025 18:48:57] [/update/hizli_fiyat_guncelle.php?search=&product_group=&brand_id=&min_price=79&max_price=82] İlk veritabanına bağlanıldı.
[13-02-2025 18:49:33] [/update/hizli_fiyat_guncelle.php?success=1] İlk veritabanına bağlanıldı.
[13-02-2025 18:49:55] [/update/hizli_fiyat_guncelle.php?search=&product_group=&brand_id=&min_price=79&max_price=90] İlk veritabanına bağlanıldı.
[15-02-2025 12:27:32] [/urunler/urun_listesi.php?product_name&barcode&product_group&brand_id&hizli_urun&min_price&max_price&i=1] İlk veritabanına bağlanırken hata oluştu: SQLSTATE[HY000] [2002] No such file or directory
[15-02-2025 12:27:32] [/urunler/urun_listesi.php?product_name&barcode&product_group&brand_id&hizli_urun&min_price&max_price&i=1] İkinci veritabanına bağlanıldı.
[19-02-2025 08:54:42] [/m%C3%BC%C5%9Fteriler/musteri_ekle.php] İlk veritabanına bağlanırken hata oluştu: SQLSTATE[HY000] [2002] No such file or directory
[19-02-2025 08:54:42] [/m%C3%BC%C5%9Fteriler/musteri_ekle.php] İkinci veritabanına bağlanıldı.
[20-02-2025 01:13:42] [/m%C3%BC%C5%9Fteriler/musteri_ekle.php?i=1] İlk veritabanına bağlanırken hata oluştu: SQLSTATE[HY000] [2002] No such file or directory
[20-02-2025 01:13:42] [/m%C3%BC%C5%9Fteriler/musteri_ekle.php?i=1] İkinci veritabanına bağlanıldı.
[22-02-2025 11:02:44] [/urunler/urun_duzenle.php?id=130] İlk veritabanına bağlanıldı.
[22-02-2025 12:15:59] [/urunler/urun_listesi.php?product_name=Ekmek&barcode=&product_group=&brand_id=&min_price=&max_price=] İlk veritabanına bağlanıldı.
[22-02-2025 12:16:07] [/urunler/urun_sil.php?id=133] İlk veritabanına bağlanıldı.
[22-02-2025 12:23:24] [/urunler/urun_duzenle.php?id=2] İlk veritabanına bağlanıldı.
[22-02-2025 12:31:49] [/urunler/urun_listesi.php?product_name=portakal&barcode=&product_group=&brand_id=&min_price=&max_price=] İlk veritabanına bağlanıldı.
[22-02-2025 12:37:02] [/urunler/urun_listesi.php?product_name=5&barcode=&product_group=&brand_id=&min_price=&max_price=] İlk veritabanına bağlanıldı.
[22-02-2025 12:37:24] [/urunler/urun_listesi.php?product_name=Gazoz&barcode=&product_group=&brand_id=&min_price=&max_price=] İlk veritabanına bağlanıldı.
[22-02-2025 12:55:31] [/urunler/urun_listesi.php?product_name=4&barcode=&product_group=&brand_id=&min_price=&max_price=] İlk veritabanına bağlanıldı.
[22-02-2025 13:02:24] [/urunler/urun_listesi.php?product_name=Cilek&barcode=&product_group=&brand_id=&min_price=&max_price=] İlk veritabanına bağlanıldı.
[22-02-2025 13:05:55] [/urunler/urun_listesi.php?product_name=55&barcode=&product_group=&brand_id=&min_price=&max_price=] İlk veritabanına bağlanıldı.
[22-02-2025 13:06:17] [/urunler/urun_listesi.php?product_name=Camel&barcode=&product_group=&brand_id=&min_price=&max_price=] İlk veritabanına bağlanıldı.
[22-02-2025 13:06:25] [/urunler/urun_listesi.php?product_name=lays&barcode=&product_group=&brand_id=&min_price=&max_price=] İlk veritabanına bağlanıldı.
[22-02-2025 13:06:36] [/urunler/urun_listesi.php?product_name=doritos&barcode=&product_group=&brand_id=&min_price=&max_price=] İlk veritabanına bağlanıldı.
[22-02-2025 13:06:57] [/urunler/urun_listesi.php?product_name=&barcode=55&product_group=&brand_id=&min_price=&max_price=] İlk veritabanına bağlanıldı.
[22-02-2025 13:07:06] [/urunler/urun_listesi.php?product_name=&barcode=1&product_group=&brand_id=&min_price=&max_price=] İlk veritabanına bağlanıldı.
[22-02-2025 13:07:55] [/urunler/urun_listesi.php?product_name=Camel&barcode=99&product_group=&brand_id=&min_price=&max_price=] İlk veritabanına bağlanıldı.
[22-02-2025 13:08:03] [/urunler/urun_listesi.php?product_name=Doritos+&barcode=&product_group=&brand_id=&min_price=&max_price=] İlk veritabanına bağlanıldı.
[22-02-2025 13:11:18] [/urunler/urun_listesi.php?product_name=600&barcode=&product_group=&brand_id=&min_price=&max_price=] İlk veritabanına bağlanıldı.
[22-02-2025 13:11:25] [/urunler/urun_duzenle.php?id=61] İlk veritabanına bağlanıldı.
[22-02-2025 13:11:43] [/urunler/urun_listesi.php?product_name=&barcode=&product_group=1&brand_id=&min_price=&max_price=] İlk veritabanına bağlanıldı.
[22-02-2025 13:11:49] [/urunler/urun_listesi.php?product_name=&barcode=&product_group=0&brand_id=&min_price=&max_price=] İlk veritabanına bağlanıldı.
[22-02-2025 13:15:10] [/urunler/urun_listesi.php?product_name=&barcode=&product_group=&brand_id=&min_price=&max_price=] İlk veritabanına bağlanıldı.
[22-02-2025 13:16:48] [/urunler/urun_listesi.php?product_name=&product_name=5&barcode=&product_group=&brand_id=&min_price=&max_price=] İlk veritabanına bağlanıldı.
[22-02-2025 13:17:02] [/urunler/urun_listesi.php?product_name=&product_name=55&barcode=&product_group=&brand_id=&min_price=&max_price=] İlk veritabanına bağlanıldı.
[22-02-2025 13:17:15] [/urunler/urun_listesi.php?product_name=&product_name=&barcode=&product_group=&brand_id=&min_price=&max_price=] İlk veritabanına bağlanıldı.
[22-02-2025 13:18:05] [/urunler/urun_listesi.php?product_name=&barcode=5&barcode=&product_group=&brand_id=&min_price=&max_price=] İlk veritabanına bağlanıldı.
[22-02-2025 13:18:24] [/urunler/urun_listesi.php?product_name=&barcode=8683417000539&barcode=&product_group=&brand_id=&min_price=&max_price=] İlk veritabanına bağlanıldı.
[22-02-2025 13:31:19] [/urunler/urun_listesi.php?order_by=name_asc] İlk veritabanına bağlanıldı.
[22-02-2025 13:31:24] [/urunler/urun_listesi.php?order_by=barcode] İlk veritabanına bağlanıldı.
[22-02-2025 13:32:14] [/urunler/urun_duzenle.php?id=134] İlk veritabanına bağlanıldı.
[22-02-2025 13:35:05] [/urunler/urun_listesi.php?product_name=camel&order_by=] İlk veritabanına bağlanıldı.
[22-02-2025 13:35:12] [/urunler/urun_listesi.php?product_name=Wiston&order_by=] İlk veritabanına bağlanıldı.
[22-02-2025 13:36:47] [/urunler/urun_listesi.php?order_by=name_desc] İlk veritabanına bağlanıldı.
[22-02-2025 13:36:54] [/urunler/urun_duzenle.php?id=44] İlk veritabanına bağlanıldı.
[22-02-2025 13:41:34] [/urunler/urun_duzenle.php?id=102] İlk veritabanına bağlanıldı.
[22-02-2025 13:44:50] [/urunler/urun_listesi.php?product_name=&product_group=1&brand_id=&barcode=&order_by=name_asc] İlk veritabanına bağlanıldı.
[22-02-2025 13:45:03] [/urunler/urun_listesi.php?product_name=&product_group=&brand_id=&barcode=1&order_by=name_asc] İlk veritabanına bağlanıldı.
[22-02-2025 13:45:11] [/urunler/urun_listesi.php?product_name=&product_group=&brand_id=5&barcode=&order_by=name_asc] İlk veritabanına bağlanıldı.
[22-02-2025 13:50:20] [/urunler/urun_listesi.php?product_name=Ekmek&barcode=&order_by=name_asc] İlk veritabanına bağlanıldı.
[22-02-2025 13:50:25] [/urunler/urun_listesi.php?product_name=&barcode=55&order_by=name_asc] İlk veritabanına bağlanıldı.
[22-02-2025 13:50:31] [/urunler/urun_listesi.php?product_name=&barcode=155&order_by=name_asc] İlk veritabanına bağlanıldı.
[22-02-2025 13:50:52] [/urunler/urun_listesi.php?product_name=&barcode=&order_by=name_asc] İlk veritabanına bağlanıldı.
[22-02-2025 13:51:03] [/urunler/urun_listesi.php?product_name=&barcode=4892606009831&order_by=name_asc] İlk veritabanına bağlanıldı.
[22-02-2025 13:54:12] [/urunler/urun_listesi.php?product_name=&barcode=&product_group=1&brand_id=&min_price=&max_price=&order_by=name_asc] İlk veritabanına bağlanıldı.
[22-02-2025 13:54:20] [/urunler/urun_listesi.php?product_name=&barcode=&product_group=0&brand_id=&min_price=&max_price=&order_by=name_asc] İlk veritabanına bağlanıldı.
[22-02-2025 13:56:49] [/urunler/urun_listesi.php?product_name=&barcode=&product_group=&brand_id=1&min_price=&max_price=&order_by=name_asc] İlk veritabanına bağlanıldı.
[22-02-2025 13:57:03] [/urunler/urun_listesi.php?product_name=&barcode=&product_group=1&brand_id=0&min_price=&max_price=&order_by=name_asc] İlk veritabanına bağlanıldı.
[22-02-2025 14:55:41] [/urunler/urun_listesi.php?product_name=&barcode=&product_group=&brand_id=&min_price=&max_price=&order_by=name_asc] İlk veritabanına bağlanıldı.
[22-02-2025 14:55:50] [/urunler/urun_listesi.php?product_name=&barcode=&product_group=&brand_id=&min_price=&max_price=&order_by=barcode] İlk veritabanına bağlanıldı.
[22-02-2025 21:31:48] [/urunler/urun_duzenle.php?id=5] İlk veritabanına bağlanıldı.
[22-02-2025 21:31:59] [/urunler/urun_duzenle.php?id=8] İlk veritabanına bağlanıldı.
[22-02-2025 22:16:35] [/urunler/urun_listesi.php?product_name=&barcode=&product_group=0&brand_id=5&min_price=&max_price=&order_by=] İlk veritabanına bağlanıldı.
[22-02-2025 22:16:39] [/urunler/urun_listesi.php?product_name=&barcode=&product_group=&brand_id=5&min_price=&max_price=&order_by=name_asc] İlk veritabanına bağlanıldı.
[22-02-2025 22:16:55] [/m%C3%BC%C5%9Fteriler/view_customers.php] İlk veritabanına bağlanıldı.
[22-02-2025 22:16:58] [/m%C3%BC%C5%9Fteriler/musteri_duzenle.php?id=1] İlk veritabanına bağlanıldı.
[23-02-2025 00:25:25] [/urunler/urun_duzenle.php?id=7] İlk veritabanına bağlanıldı.
[23-02-2025 00:26:08] [/urunler/urun_duzenle.php?id=3] İlk veritabanına bağlanıldı.
[23-02-2025 00:43:59] [/update/görsel_yonetimi.php?filter=has-image] İlk veritabanına bağlanıldı.
[23-02-2025 00:44:05] [/update/görsel_yonetimi.php?filter=no-image] İlk veritabanına bağlanıldı.
[23-02-2025 00:45:45] [/update/urun_navigasyon_guncelle.php?product_id=49] İlk veritabanına bağlanıldı.
[23-02-2025 00:45:46] [/update/urun_navigasyon_guncelle.php?product_id=50] İlk veritabanına bağlanıldı.
[23-02-2025 00:45:49] [/update/urun_navigasyon_guncelle.php?product_id=51] İlk veritabanına bağlanıldı.
[24-02-2025 17:25:02] [/auth/login.php] İlk veritabanına bağlanırken hata oluştu: SQLSTATE[HY000] [2002] Connection refused
[26-02-2025 21:21:40] [/urunler/urun_listesi.php?product_name=&barcode=5&product_group=&brand_id=&min_price=&max_price=&order_by=] İlk veritabanına bağlanıldı.
[26-02-2025 21:21:55] [/urunler/urun_listesi.php?product_name=&barcode=8683417000508&product_group=&brand_id=&min_price=&max_price=&order_by=] İlk veritabanına bağlanıldı.
[27-02-2025 22:22:14] [/urunler/urun_duzenle.php?id=17] İlk veritabanına bağlanıldı.
[27-02-2025 22:34:54] [/marka/marka_duzenle.php?id=12] İlk veritabanına bağlanıldı.
[27-02-2025 22:37:18] [/marka/marka_duzenle.php?id=3] İlk veritabanına bağlanıldı.
[01-03-2025 02:29:46] [/marka/marka_duzenle.php?id=4] İlk veritabanına bağlanıldı.
[01-03-2025 02:45:25] [/urun_gruplari/urun_grubu_duzenle.php?id=1] İlk veritabanına bağlanıldı.
[01-03-2025 03:29:36] [/urun_gruplari/urun_grubu_duzenle.php?id=2] İlk veritabanına bağlanıldı.
[01-03-2025 06:35:02] [/kasa_yonetim/kasa_duzenle.php?id=21] İlk veritabanına bağlanıldı.
[01-03-2025 04:47:02] [/marka/marka_duzenle.php?id=13] İlk veritabanına bağlanıldı.
[01-03-2025 04:47:05] [/marka/marka_duzenle.php?id=11] İlk veritabanına bağlanıldı.
[01-03-2025 04:47:09] [/marka/marka_sil.php?id=13] İlk veritabanına bağlanıldı.
[01-03-2025 11:49:03] [/m%C3%BC%C5%9Fteriler/satis_detay_getir.php?sale_id=1] İlk veritabanına bağlanıldı.
[01-03-2025 12:26:34] [/m%C3%BC%C5%9Fteriler/odeme_yap.php] İlk veritabanına bağlanıldı.
[02-03-2025 12:27:23] [/update/hizli_fiyat_guncelle.php?search=403232979746&product_group=&brand_id=&min_price=&max_price=] İlk veritabanına bağlanıldı.
[02-03-2025 12:27:34] [/update/hizli_fiyat_guncelle.php?search=W%C4%B0STON+BLUE&product_group=&brand_id=&min_price=&max_price=] İlk veritabanına bağlanıldı.
[02-03-2025 12:27:40] [/update/hizli_fiyat_guncelle.php?search=W%C4%B0STOn&product_group=&brand_id=&min_price=&max_price=] İlk veritabanına bağlanıldı.
[02-03-2025 12:27:47] [/update/hizli_fiyat_guncelle.php?search=Camel&product_group=&brand_id=&min_price=&max_price=] İlk veritabanına bağlanıldı.
[02-03-2025 12:28:41] [/update/urun_navigasyon_guncelle.php?product_id=130] İlk veritabanına bağlanıldı.
[03-03-2025 08:28:01] [/satislar/satis_detaylari.php?sale_id=10] İlk veritabanına bağlanıldı.
[03-03-2025 08:28:19] [/satislar/satis_listesi.php?date_filter=custom&start_date=&end_date=2025-03-03T08%3A28] İlk veritabanına bağlanıldı.
[03-03-2025 08:28:30] [/satislar/satis_listesi.php?date_filter=custom&start_date=2025-03-03T08%3A28&end_date=2025-03-04T07%3A28] İlk veritabanına bağlanıldı.
[03-03-2025 08:28:35] [/satislar/satis_listesi.php?date_filter=&start_date=2025-03-03T08%3A28&end_date=2025-03-04T07%3A28] İlk veritabanına bağlanıldı.
[03-03-2025 08:28:39] [/satislar/satis_listesi.php?date_filter=all&start_date=2025-03-03T08%3A28&end_date=2025-03-04T07%3A28] İlk veritabanına bağlanıldı.
[03-03-2025 09:09:06] [/satislar/satis_detaylari.php?sale_id=2] İlk veritabanına bağlanıldı.
[03-03-2025 09:09:13] [/satislar/satis_detaylari.php?sale_id=14] İlk veritabanına bağlanıldı.
[03-03-2025 09:21:28] [/satislar/satis_takip.php?filter_type=normal&start_date=&end_date=] İlk veritabanına bağlanıldı.
[03-03-2025 09:21:34] [/satislar/satis_takip.php?filter_type=all&start_date=&end_date=] İlk veritabanına bağlanıldı.
[03-03-2025 08:57:43] [/auth/uyeislemleri/kayitol.php] İlk veritabanına bağlanıldı.
[03-03-2025 09:00:37] [/auth/uyeislemleri/girisyap.php] İlk veritabanına bağlanıldı.
[03-03-2025 09:00:39] [/auth/uyeislemleri/kayitol.php] İlk veritabanına bağlanıldı.
[03-03-2025 09:08:04] [/kasa_yonetim/kasa_sil.php] İlk veritabanına bağlanıldı.
[03-03-2025 11:09:00] [/urunler/urun_raporlari.php] İlk veritabanına bağlanıldı.
[03-03-2025 11:14:21] [/satislar/urun_raporlari.php] İlk veritabanına bağlanıldı.
[03-03-2025 11:20:18] [/urun_gruplari/urun_grubu_sil.php] İlk veritabanına bağlanıldı.
[03-03-2025 09:21:54] [/satis_yonetimi/kasa_secimi.php] İlk veritabanına bağlanıldı.
[03-03-2025 09:22:15] [/satis_yonetimi/satis_tag.php] İlk veritabanına bağlanıldı.
[03-03-2025 11:22:24] [/m%C3%BC%C5%9Fteriler/musteri_sil.php] İlk veritabanına bağlanıldı.
[03-03-2025 20:21:48] [/m%C3%BC%C5%9Fteriler/musteri_detay.php?customer_id=0] İlk veritabanına bağlanıldı.
[03-03-2025 20:22:43] [/marka/marka_duzenle.php?id=8] İlk veritabanına bağlanıldı.
[03-03-2025 20:22:55] [/marka/marka_duzenle.php?id=14] İlk veritabanına bağlanıldı.
[04-03-2025 09:40:18] [/m%C3%BC%C5%9Fteriler/m%C3%BC%C5%9Fteriler.php?show_debtors=1&min_debt=&max_debt=] İlk veritabanına bağlanıldı.
[04-03-2025 09:40:19] [/m%C3%BC%C5%9Fteriler/m%C3%BC%C5%9Fteriler.php?show_debtors=0&min_debt=&max_debt=] İlk veritabanına bağlanıldı.
[04-03-2025 12:03:34] [/m%C3%BC%C5%9Fteriler/m%C3%BC%C5%9Fteriler.php?search_name=T&min_debt=&max_debt=] İlk veritabanına bağlanıldı.
[04-03-2025 12:03:34] [/m%C3%BC%C5%9Fteriler/m%C3%BC%C5%9Fteriler.php?search_name=Tu&min_debt=&max_debt=] İlk veritabanına bağlanıldı.
[04-03-2025 12:03:35] [/m%C3%BC%C5%9Fteriler/m%C3%BC%C5%9Fteriler.php?search_name=Tuf&min_debt=&max_debt=] İlk veritabanına bağlanıldı.
[04-03-2025 12:03:35] [/m%C3%BC%C5%9Fteriler/m%C3%BC%C5%9Fteriler.php?search_name=Tufb&min_debt=&max_debt=] İlk veritabanına bağlanıldı.
[04-03-2025 12:03:36] [/m%C3%BC%C5%9Fteriler/m%C3%BC%C5%9Fteriler.php?search_name=Tufba&min_debt=&max_debt=] İlk veritabanına bağlanıldı.
[04-03-2025 12:03:36] [/m%C3%BC%C5%9Fteriler/m%C3%BC%C5%9Fteriler.php?search_name=Tu%C4%9Fba+&min_debt=&max_debt=] İlk veritabanına bağlanıldı.
[04-03-2025 12:03:37] [/m%C3%BC%C5%9Fteriler/m%C3%BC%C5%9Fteriler.php?search_name=Tu%C4%9Fba&min_debt=&max_debt=] İlk veritabanına bağlanıldı.
[04-03-2025 12:03:38] [/m%C3%BC%C5%9Fteriler/m%C3%BC%C5%9Fteriler.php?search_name=Tu%C4%9Fb&min_debt=&max_debt=] İlk veritabanına bağlanıldı.
[04-03-2025 12:03:40] [/m%C3%BC%C5%9Fteriler/m%C3%BC%C5%9Fteriler.php?search_name=Tu%C4%9F&min_debt=&max_debt=] İlk veritabanına bağlanıldı.
[04-03-2025 12:03:41] [/m%C3%BC%C5%9Fteriler/m%C3%BC%C5%9Fteriler.php?search_name=&min_debt=&max_debt=] İlk veritabanına bağlanıldı.
[04-03-2025 12:03:44] [/m%C3%BC%C5%9Fteriler/m%C3%BC%C5%9Fteriler.php?search_name=x&min_debt=&max_debt=] İlk veritabanına bağlanıldı.
[04-03-2025 12:03:45] [/m%C3%BC%C5%9Fteriler/m%C3%BC%C5%9Fteriler.php?search_name=xd&min_debt=&max_debt=] İlk veritabanına bağlanıldı.
[04-03-2025 12:04:03] [/m%C3%BC%C5%9Fteriler/m%C3%BC%C5%9Fteriler.php?search_name=&min_debt=&max_debt=0] İlk veritabanına bağlanıldı.
[04-03-2025 12:04:11] [/m%C3%BC%C5%9Fteriler/m%C3%BC%C5%9Fteriler.php?search_name=&min_debt=2&max_debt=0] İlk veritabanına bağlanıldı.
[04-03-2025 12:04:12] [/m%C3%BC%C5%9Fteriler/m%C3%BC%C5%9Fteriler.php?search_name=&min_debt=20&max_debt=0] İlk veritabanına bağlanıldı.
[04-03-2025 12:04:14] [/m%C3%BC%C5%9Fteriler/m%C3%BC%C5%9Fteriler.php?search_name=&min_debt=0&max_debt=0] İlk veritabanına bağlanıldı.
[04-03-2025 12:04:16] [/m%C3%BC%C5%9Fteriler/m%C3%BC%C5%9Fteriler.php?search_name=&min_debt=05&max_debt=0] İlk veritabanına bağlanıldı.
[04-03-2025 12:11:11] [/m%C3%BC%C5%9Fteriler/musteri_ozet.php?id=2] İlk veritabanına bağlanıldı.
[04-03-2025 12:11:28] [/m%C3%BC%C5%9Fteriler/musteri_duzenle.php?id=2] İlk veritabanına bağlanıldı.
[04-03-2025 12:11:36] [/m%C3%BC%C5%9Fteriler/musteri_detay.php?customer_id=2] İlk veritabanına bağlanıldı.
[04-03-2025 12:12:11] [/m%C3%BC%C5%9Fteriler/musteri_sil.php?id=2] İlk veritabanına bağlanıldı.
[04-03-2025 12:36:09] [/m%C3%BC%C5%9Fteriler/musteri_duzenle.php?id=3] İlk veritabanına bağlanıldı.
[04-03-2025 12:36:12] [/m%C3%BC%C5%9Fteriler/musteri_detay.php?customer_id=3] İlk veritabanına bağlanıldı.
[04-03-2025 10:41:46] [/satis_yonetimi/satis_paneli.php] İlk veritabanına bağlanırken hata oluştu: SQLSTATE[HY000] [2002] Connection refused
[04-03-2025 10:41:46] [/satis_yonetimi/satis_paneli.php] İkinci veritabanına bağlanırken hata oluştu: SQLSTATE[HY000] [2002] php_network_getaddresses: getaddrinfo for sql210.infinityfree.com failed: No address associated with hostname
[04-03-2025 17:51:15] [/m%C3%BC%C5%9Fteriler/satis_detay_getir.php?sale_id=3] İlk veritabanına bağlanıldı.
[04-03-2025 15:58:37] [/m%C3%BC%C5%9Fteriler/musteri_listesi.php] İlk veritabanına bağlanıldı.
[04-03-2025 20:04:07] [/m%C3%BC%C5%9Fteriler/musteri_ozet.php?id=3] İlk veritabanına bağlanıldı.
[05-03-2025 10:04:10] [/urunler/urun_duzenle.php?id=20] İlk veritabanına bağlanıldı.
[05-03-2025 08:07:23] [/kasa_yonetim/kasa_sil.php?id=21] İlk veritabanına bağlanıldı.
[05-03-2025 10:21:25] [/urunler/urun_duzenle.php?id=2p] İlk veritabanına bağlanıldı.
[05-03-2025 10:21:29] [/urunler/urun_duzenle.php?id=25] İlk veritabanına bağlanıldı.
[05-03-2025 08:36:08] [/assets/src/config/vt_baglanti.php] İlk veritabanına bağlanıldı.
[05-03-2025 11:02:05] [/urunler/urun_listesi.php?product_name=elma&barcode=&product_group=&brand_id=&min_price=&max_price=&order_by=] İlk veritabanına bağlanıldı.
[05-03-2025 11:10:12] [/urunler/urun_listesi.php?product_name=&barcode=&product_group=0&product_group=&brand_id=&min_price=&max_price=&order_by=] İlk veritabanına bağlanıldı.
[05-03-2025 11:20:33] [/urunler/urun_listesi.php?product_name=&barcode=&product_group=0&via_product=1&product_group=&brand_id=&min_price=&max_price=&order_by=] İlk veritabanına bağlanıldı.
[05-03-2025 11:20:42] [/urunler/urun_listesi.php?product_name=&barcode=&product_group=1&via_product=1&product_group=0&brand_id=&min_price=&max_price=&order_by=] İlk veritabanına bağlanıldı.
[05-03-2025 11:20:55] [/urunler/urun_listesi.php?product_name=&barcode=&product_group=1&via_product=1&product_group=1&brand_id=&min_price=&max_price=&order_by=] İlk veritabanına bağlanıldı.
[05-03-2025 11:21:21] [/urunler/urun_listesi.php?product_name=&barcode=&product_group=1&via_product=1&product_group=2&brand_id=&min_price=&max_price=&order_by=] İlk veritabanına bağlanıldı.
[05-03-2025 11:30:26] [/urunler/urun_duzenle.php?id=14] İlk veritabanına bağlanıldı.
[05-03-2025 11:36:43] [/urunler/urun_listesi.php?product_name=&barcode=&product_group=&brand_id=&min_price=50&max_price=60&order_by=] İlk veritabanına bağlanıldı.
[05-03-2025 11:37:13] [/urunler/urun_sil.php?id=131] İlk veritabanına bağlanıldı.
[05-03-2025 11:37:58] [/urunler/urun_sil.php?id=2] İlk veritabanına bağlanıldı.
[05-03-2025 11:38:10] [/urunler/urun_listesi.php?product_name=&barcode=&product_group=&brand_id=0&min_price=&max_price=&order_by=] İlk veritabanına bağlanıldı.
[05-03-2025 11:38:22] [/urunler/urun_listesi.php?product_name=&barcode=&product_group=&brand_id=6&min_price=&max_price=&order_by=] İlk veritabanına bağlanıldı.
[05-03-2025 11:39:46] [/urunler/urun_listesi.php?product_name=&barcode=&product_group=&brand_id=6&min_price=&max_price=&order_by=barcode] İlk veritabanına bağlanıldı.
[05-03-2025 11:51:25] [/urunler/urun_listesi.php?product_name=&barcode=&product_group=1&product_group=&brand_id=&min_price=&max_price=&order_by=] İlk veritabanına bağlanıldı.
[05-03-2025 11:58:47] [/urunler/urun_listesi.php?product_name=&barcode=&product_group=&product_group=1&brand_id=&min_price=&max_price=&order_by=] İlk veritabanına bağlanıldı.
[05-03-2025 14:28:19] [/urunler/urun_listesi.php?product_name=&barcode=&product_group=0&product_group=1&brand_id=&min_price=&max_price=&order_by=] İlk veritabanına bağlanıldı.
[05-03-2025 17:06:55] [/urunler/urun_listesi.php?product_name=&barcode=&product_group=2&product_group=&brand_id=&min_price=&max_price=&order_by=] İlk veritabanına bağlanıldı.
[05-03-2025 17:14:03] [/urunler/urun_listesi.php?product_name=&barcode=&product_group=2&brand_id=&min_price=&max_price=&order_by=] İlk veritabanına bağlanıldı.
[05-03-2025 17:17:23] [/urunler/urun_listesi.php?product_name=&barcode=&product_group=1&brand_id=4&min_price=&max_price=&order_by=] İlk veritabanına bağlanıldı.
[05-03-2025 17:17:30] [/urunler/urun_listesi.php?product_name=&barcode=&product_group=2&brand_id=4&min_price=&max_price=&order_by=] İlk veritabanına bağlanıldı.
[05-03-2025 17:24:49] [/urunler/urun_listesi.php?product_name=&barcode=&product_group=1&brand_id=&brand_id=&min_price=&max_price=&order_by=] İlk veritabanına bağlanıldı.
[05-03-2025 17:24:56] [/urunler/urun_listesi.php?product_name=&barcode=&product_group=2&brand_id=&brand_id=&min_price=&max_price=&order_by=] İlk veritabanına bağlanıldı.
[05-03-2025 17:29:33] [/urunler/urun_listesi.php?product_name=&barcode=&product_group=1&brand_id=5&brand_id=&min_price=&max_price=&order_by=] İlk veritabanına bağlanıldı.
[05-03-2025 17:29:47] [/urunler/urun_listesi.php?product_name=&barcode=&product_group=0&brand_id=6&brand_id=&min_price=&max_price=&order_by=] İlk veritabanına bağlanıldı.
[05-03-2025 17:32:09] [/urunler/urun_listesi.php?product_name=&barcode=&product_group=2&brand_id=7&brand_id=&min_price=&max_price=&order_by=] İlk veritabanına bağlanıldı.
[05-03-2025 17:34:31] [/urunler/urun_listesi.php?product_name=&barcode=&product_group=2&brand_id=2&brand_id=&min_price=&max_price=&order_by=] İlk veritabanına bağlanıldı.
[05-03-2025 17:36:45] [/urunler/urun_listesi.php?product_name=&barcode=&product_group=2&brand_id=9&brand_id=&min_price=&max_price=&order_by=] İlk veritabanına bağlanıldı.
[05-03-2025 17:37:08] [/urunler/urun_listesi.php?product_name=&barcode=&product_group=2&brand_id=3&brand_id=&min_price=&max_price=&order_by=] İlk veritabanına bağlanıldı.
[05-03-2025 17:41:25] [/urunler/urun_listesi.php?product_name=&barcode=&product_group=0&brand_id=8&brand_id=&min_price=&max_price=&order_by=] İlk veritabanına bağlanıldı.
[05-03-2025 17:41:41] [/urunler/urun_listesi.php?product_name=&barcode=&product_group=0&brand_id=7&brand_id=&min_price=&max_price=&order_by=] İlk veritabanına bağlanıldı.
[05-03-2025 17:42:34] [/urunler/urun_listesi.php?product_name=&barcode=&product_group=1&brand_id=7&brand_id=&min_price=&max_price=&order_by=] İlk veritabanına bağlanıldı.
[05-03-2025 17:46:29] [/urunler/urun_listesi.php?product_name=&barcode=&product_group=1&brand_id=4&brand_id=&min_price=&max_price=&order_by=] İlk veritabanına bağlanıldı.
[05-03-2025 17:46:41] [/urunler/urun_listesi.php?product_name=&barcode=&product_group=1&brand_id=8&brand_id=&min_price=&max_price=&order_by=] İlk veritabanına bağlanıldı.
[05-03-2025 17:46:53] [/urunler/urun_listesi.php?product_name=&barcode=&product_group=1&brand_id=0&brand_id=&min_price=&max_price=&order_by=] İlk veritabanına bağlanıldı.
[05-03-2025 17:49:43] [/urunler/urun_listesi.php?product_name=&barcode=&product_group=1&brand_id=7&min_price=&max_price=&order_by=] İlk veritabanına bağlanıldı.
[05-03-2025 17:50:02] [/urunler/urun_listesi.php?product_name=&barcode=&product_group=0&brand_id=7&min_price=&max_price=&order_by=] İlk veritabanına bağlanıldı.
[05-03-2025 17:53:52] [/urunler/urun_listesi.php?product_name=&barcode=&product_group=1&brand_id=4&brand_id=6&min_price=&max_price=&order_by=] İlk veritabanına bağlanıldı.
[05-03-2025 17:55:41] [/urunler/urun_listesi.php?product_name=&barcode=&product_group=0&brand_id=0&brand_id=6&min_price=&max_price=&order_by=] İlk veritabanına bağlanıldı.
[05-03-2025 17:56:03] [/urunler/urun_listesi.php?product_name=&barcode=&product_group=0&brand_id=6&brand_id=0&min_price=&max_price=&order_by=] İlk veritabanına bağlanıldı.
[05-03-2025 17:56:21] [/urunler/urun_listesi.php?product_name=&barcode=&product_group=2&brand_id=&brand_id=6&min_price=&max_price=&order_by=] İlk veritabanına bağlanıldı.
[05-03-2025 17:56:27] [/urunler/urun_listesi.php?product_name=&barcode=&product_group=2&brand_id=6&brand_id=0&min_price=&max_price=&order_by=] İlk veritabanına bağlanıldı.
[05-03-2025 18:03:08] [/urunler/urun_listesi.php?product_name=&barcode=&product_group=2&brand_id=5&brand_id=&min_price=&max_price=&order_by=] İlk veritabanına bağlanıldı.
[05-03-2025 18:03:17] [/urunler/urun_listesi.php?product_name=&barcode=&product_group=2&brand_id=&brand_id=2&min_price=&max_price=&order_by=] İlk veritabanına bağlanıldı.
[05-03-2025 18:03:24] [/urunler/urun_listesi.php?product_name=&barcode=&product_group=2&brand_id=2&brand_id=0&min_price=&max_price=&order_by=] İlk veritabanına bağlanıldı.
[05-03-2025 18:06:08] [/urunler/urun_listesi.php?product_name=&barcode=&product_group=0&brand_id=&brand_id=4&brand_id=&min_price=&max_price=&order_by=] İlk veritabanına bağlanıldı.
[05-03-2025 18:07:57] [/urunler/urun_listesi.php?product_name=&barcode=&product_group=0&brand_id=5&brand_id=&min_price=&max_price=&order_by=] İlk veritabanına bağlanıldı.
[05-03-2025 18:10:11] [/urunler/urun_listesi.php?product_name=&barcode=&product_group=0&brand_id=2&brand_id=1&brand_id=&min_price=&max_price=&order_by=] İlk veritabanına bağlanıldı.
[05-03-2025 18:12:27] [/urunler/urun_listesi.php?product_name=&barcode=&product_group=0&brand_id=7&brand_id=8&min_price=&max_price=&order_by=] İlk veritabanına bağlanıldı.
[05-03-2025 18:12:46] [/urunler/urun_listesi.php?product_name=&barcode=&product_group=1&brand_id=8&brand_id=8&min_price=&max_price=&order_by=] İlk veritabanına bağlanıldı.
[05-03-2025 18:12:51] [/urunler/urun_listesi.php?product_name=&barcode=&product_group=1&brand_id=8&brand_id=0&min_price=&max_price=&order_by=] İlk veritabanına bağlanıldı.
[05-03-2025 18:13:01] [/urunler/urun_listesi.php?product_name=&barcode=&product_group=1&brand_id=5&brand_id=5&min_price=&max_price=&order_by=] İlk veritabanına bağlanıldı.
[05-03-2025 18:13:14] [/urunler/urun_listesi.php?product_name=&barcode=&product_group=1&brand_id=7&brand_id=6&min_price=&max_price=&order_by=] İlk veritabanına bağlanıldı.
[05-03-2025 18:13:25] [/urunler/urun_listesi.php?product_name=&barcode=&product_group=1&brand_id=5&brand_id=6&min_price=&max_price=&order_by=] İlk veritabanına bağlanıldı.
[05-03-2025 18:13:29] [/urunler/urun_listesi.php?product_name=&barcode=&product_group=1&brand_id=6&brand_id=8&min_price=&max_price=&order_by=] İlk veritabanına bağlanıldı.
[05-03-2025 18:13:33] [/urunler/urun_listesi.php?product_name=&barcode=&product_group=1&brand_id=8&brand_id=13&min_price=&max_price=&order_by=] İlk veritabanına bağlanıldı.
[05-03-2025 18:13:39] [/urunler/urun_listesi.php?product_name=&barcode=&product_group=1&brand_id=9&brand_id=13&min_price=&max_price=&order_by=] İlk veritabanına bağlanıldı.
[05-03-2025 18:13:43] [/urunler/urun_listesi.php?product_name=&barcode=&product_group=1&brand_id=3&brand_id=13&min_price=&max_price=&order_by=] İlk veritabanına bağlanıldı.
[05-03-2025 18:13:51] [/urunler/urun_listesi.php?product_name=&barcode=&product_group=1&brand_id=4&brand_id=13&min_price=&max_price=&order_by=] İlk veritabanına bağlanıldı.
[05-03-2025 18:13:55] [/urunler/urun_listesi.php?product_name=&barcode=&product_group=1&brand_id=5&brand_id=13&min_price=&max_price=&order_by=] İlk veritabanına bağlanıldı.
[05-03-2025 18:14:10] [/urunler/urun_listesi.php?product_name=&barcode=&product_group=1&brand_id=4&brand_id=7&min_price=&max_price=&order_by=] İlk veritabanına bağlanıldı.
[05-03-2025 18:14:51] [/urunler/urun_listesi.php?product_name=&barcode=&product_group=1&brand_id=10&brand_id=7&min_price=&max_price=&order_by=] İlk veritabanına bağlanıldı.
[05-03-2025 18:16:44] [/urunler/urun_listesi.php?product_name=&barcode=&product_group=1&brand_id=0&brand_id=7&min_price=&max_price=&order_by=] İlk veritabanına bağlanıldı.
[05-03-2025 18:17:18] [/urunler/urun_listesi.php?product_name=&barcode=&product_group=0&brand_id=0&min_price=&max_price=&order_by=] İlk veritabanına bağlanıldı.
[05-03-2025 18:17:50] [/urunler/urun_listesi.php?product_name=&barcode=&product_group=0&brand_id=1&min_price=&max_price=&order_by=] İlk veritabanına bağlanıldı.
[05-03-2025 18:18:50] [/urunler/urun_listesi.php?product_name=&barcode=&product_group=1&brand_id=6&min_price=&max_price=&order_by=] İlk veritabanına bağlanıldı.
[05-03-2025 18:21:38] [/urunler/urun_listesi.php?product_name=&barcode=&product_group=1&brand_id=5&min_price=&max_price=&order_by=] İlk veritabanına bağlanıldı.
[05-03-2025 18:22:54] [/urunler/urun_listesi.php?product_name=&barcode=&product_group=0&brand_id=6&min_price=&max_price=&order_by=] İlk veritabanına bağlanıldı.
[05-03-2025 18:23:08] [/urunler/urun_duzenle.php?id=138] İlk veritabanına bağlanıldı.
[05-03-2025 18:23:45] [/urunler/urun_duzenle.php?id=121] İlk veritabanına bağlanıldı.
[06-03-2025 07:16:50] [/urunler/urun_listesi.php?product_name=&barcode=&product_group=1&brand_id=1&min_price=&max_price=&order_by=] İlk veritabanına bağlanıldı.
[06-03-2025 07:17:00] [/urunler/urun_duzenle.php?id=137] İlk veritabanına bağlanıldı.
[06-03-2025 07:22:20] [/urunler/urun_listesi.php?product_name=&barcode=&product_group=1&brand_id=&min_price=50&max_price=60&order_by=] İlk veritabanına bağlanıldı.
[06-03-2025 08:38:26] [/urunler/urun_sil.php?id=141] İlk veritabanına bağlanıldı.
[06-03-2025 08:38:53] [/urunler/urun_sil.php?id=93] İlk veritabanına bağlanıldı.
[06-03-2025 08:42:01] [/urunler/urun_listesi.php?product_name=&barcode=&product_group=&brand_id=&min_price=&max_price=&order_by=name_desc] İlk veritabanına bağlanıldı.
[06-03-2025 08:44:13] [/urunler/urun_sil.php?id=140] İlk veritabanına bağlanıldı.
[06-03-2025 08:44:22] [/urunler/urun_sil.php?id=139] İlk veritabanına bağlanıldı.
[06-03-2025 08:44:35] [/urunler/urun_sil.php?id=138] İlk veritabanına bağlanıldı.
[06-03-2025 08:50:27] [/urunler/urun_ekle.php] İlk veritabanına bağlanıldı.
[06-03-2025 10:04:06] [/m%C3%BC%C5%9Fteriler/musteriler.php] İlk veritabanına bağlanıldı.
[06-03-2025 10:06:52] [/musteriler/musteriler.php] İlk veritabanına bağlanıldı.
[06-03-2025 10:16:10] [/musteriler/musteri_ozet.php?id=3] İlk veritabanına bağlanıldı.
[06-03-2025 10:16:21] [/musteriler/musteri_detay.php?customer_id=3] İlk veritabanına bağlanıldı.
[06-03-2025 10:16:25] [/musteriler/satis_detay_getir.php?sale_id=3] İlk veritabanına bağlanıldı.
[06-03-2025 10:39:20] [/musteriler/musteri_duzenle.php?id=3] İlk veritabanına bağlanıldı.
[06-03-2025 10:39:51] [/musteriler/musteri_ekle.php] İlk veritabanına bağlanıldı.
[06-03-2025 11:17:11] [/update/g%C3%B6rsel_yonetimi.php] İlk veritabanına bağlanıldı.
[06-03-2025 11:17:40] [/update/g%C3%B6rsel_yonetimi.php?filter=has-image] İlk veritabanına bağlanıldı.
[06-03-2025 11:17:42] [/update/g%C3%B6rsel_yonetimi.php?filter=no-image] İlk veritabanına bağlanıldı.
[06-03-2025 10:22:56] [/update/hizli_fiyat_guncelle.php?barcode=8683417000508&search=&product_group=&brand_id=&min_price=&max_price=] İlk veritabanına bağlanıldı.
[06-03-2025 10:23:13] [/update/hizli_fiyat_guncelle.php?barcode=&search=86932356&product_group=&brand_id=&min_price=&max_price=] İlk veritabanına bağlanıldı.
[06-03-2025 10:23:24] [/update/hizli_fiyat_guncelle.php?barcode=86932356&search=86932356&product_group=&brand_id=&min_price=&max_price=] İlk veritabanına bağlanıldı.
[06-03-2025 10:23:32] [/update/hizli_fiyat_guncelle.php?barcode=86932356&search=&product_group=&brand_id=&min_price=&max_price=] İlk veritabanına bağlanıldı.
[06-03-2025 10:25:52] [/update/hizli_fiyat_guncelle.php?barcode=40329574&search=&product_group=&brand_id=&min_price=&max_price=] İlk veritabanına bağlanıldı.
[06-03-2025 10:27:00] [/update/hizli_fiyat_guncelle.php?barcode=&search=&product_group=&brand_id=&min_price=&max_price=] İlk veritabanına bağlanıldı.
[06-03-2025 10:31:59] [/update/hizli_fiyat_guncelle.php?barcode=Jkfhk&search=&product_group=&brand_id=&min_price=&max_price=] İlk veritabanına bağlanıldı.
[06-03-2025 10:32:09] [/update/hizli_fiyat_guncelle.php?barcode=&search=W%C4%B0NSTON+BLUE+KISA&product_group=&brand_id=&min_price=&max_price=] İlk veritabanına bağlanıldı.
[06-03-2025 10:32:25] [/update/hizli_fiyat_guncelle.php?barcode=40329574&search=W%C4%B0NSTON+BLUE+KISA&product_group=&brand_id=&min_price=&max_price=] İlk veritabanına bağlanıldı.
[06-03-2025 10:39:24] [/update/hizli_fiyat_guncelle.php?barcode=Rr&search=&product_group=&brand_id=&min_price=&max_price=] İlk veritabanına bağlanıldı.
[06-03-2025 10:46:02] [/update/hizli_fiyat_guncelle.php?barcode=5&search=%3Cbr+%2F%3E%3Cb%3EDeprecated%3C%2Fb%3E%3A++htmlspecialchars%28%29%3A+Passing+null+to+parameter+%231+%28%24string%29+of+type+string+is+deprecated+in+%3Cb%3E%2Fstorage%2Femulated%2F0%2Fbsdsoft_yedek%2Fupdate%2Fhizli_fiyat_guncelle.php%3C%2Fb%3E+on+line+%3Cb%3E258%3C%2Fb%3E%3Cbr+%2F%3E&product_group=&brand_id=&min_price=&max_price=] İlk veritabanına bağlanıldı.
[06-03-2025 10:46:14] [/update/hizli_fiyat_guncelle.php?barcode=40329574&search=%3Cbr+%2F%3E%3Cb%3EDeprecated%3C%2Fb%3E%3A++htmlspecialchars%28%29%3A+Passing+null+to+parameter+%231+%28%24string%29+of+type+string+is+deprecated+in+%3Cb%3E%2Fstorage%2Femulated%2F0%2Fbsdsoft_yedek%2Fupdate%2Fhizli_fiyat_guncelle.php%3C%2Fb%3E+on+line+%3Cb%3E258%3C%2Fb%3E%3Cbr+%2F%3E&product_group=&brand_id=&min_price=&max_price=] İlk veritabanına bağlanıldı.
[06-03-2025 10:47:42] [/update/hizli_fiyat_guncelle.php?barcode=86936569&search=%3Cbr+%2F%3E%3Cb%3EDeprecated%3C%2Fb%3E%3A++htmlspecialchars%28%29%3A+Passing+null+to+parameter+%231+%28%24string%29+of+type+string+is+deprecated+in+%3Cb%3E%2Fstorage%2Femulated%2F0%2Fbsdsoft_yedek%2Fupdate%2Fhizli_fiyat_guncelle.php%3C%2Fb%3E+on+line+%3Cb%3E258%3C%2Fb%3E%3Cbr+%2F%3E&product_group=&brand_id=&min_price=&max_price=] İlk veritabanına bağlanıldı.
[06-03-2025 10:53:00] [/update/hizli_fiyat_guncelle.php?barcode=86936569&search=%3Cbr+%2F%3E%3Cb%3EDeprecated%3C%2Fb%3E%3A++htmlspecialchars%28%29%3A+Passing+null+to+parameter+%231+%28%24string%29+of+type+string+is+deprecated+in+%3Cb%3E%2Fstorage%2Femulated%2F0%2Fbsdsoft_yedek%2Fupdate%2Fhizli_fiyat_guncelle.php%3C%2Fb%3E+on+line+%3Cb%3E195%3C%2Fb%3E%3Cbr+%2F%3E&product_group=&brand_id=&min_price=&max_price=] İlk veritabanına bağlanıldı.
[06-03-2025 10:53:18] [/update/hizli_fiyat_guncelle.php?barcode=8683417000508&search=%3Cbr+%2F%3E%3Cb%3EDeprecated%3C%2Fb%3E%3A++htmlspecialchars%28%29%3A+Passing+null+to+parameter+%231+%28%24string%29+of+type+string+is+deprecated+in+%3Cb%3E%2Fstorage%2Femulated%2F0%2Fbsdsoft_yedek%2Fupdate%2Fhizli_fiyat_guncelle.php%3C%2Fb%3E+on+line+%3Cb%3E195%3C%2Fb%3E%3Cbr+%2F%3E&product_group=&brand_id=&min_price=&max_price=] İlk veritabanına bağlanıldı.
[06-03-2025 10:57:22] [/update/hizli_fiyat_guncelle.php?product_name=&barcode=&search=&product_group=&brand_id=&min_price=&max_price=] İlk veritabanına bağlanıldı.
[06-03-2025 10:57:36] [/update/hizli_fiyat_guncelle.php?product_name=TADELLE&barcode=&search=%3Cbr+%2F%3E%3Cb%3EDeprecated%3C%2Fb%3E%3A++htmlspecialchars%28%29%3A+Passing+null+to+parameter+%231+%28%24string%29+of+type+string+is+deprecated+in+%3Cb%3E%2Fstorage%2Femulated%2F0%2Fbsdsoft_yedek%2Fupdate%2Fhizli_fiyat_guncelle.php%3C%2Fb%3E+on+line+%3Cb%3E195%3C%2Fb%3E%3Cbr+%2F%3E&product_group=&brand_id=&min_price=&max_price=] İlk veritabanına bağlanıldı.
[06-03-2025 10:58:10] [/update/hizli_fiyat_guncelle.php?product_name=&barcode=&product_group=1&brand_id=7&min_price=&max_price=] İlk veritabanına bağlanıldı.
[06-03-2025 10:58:23] [/update/hizli_fiyat_guncelle.php?product_name=&barcode=&product_group=2&brand_id=&min_price=&max_price=] İlk veritabanına bağlanıldı.
[06-03-2025 10:59:03] [/update/hizli_fiyat_guncelle.php?product_name=&barcode=&product_group=2&brand_id=3&min_price=60&max_price=80] İlk veritabanına bağlanıldı.
[06-03-2025 10:59:14] [/update/hizli_fiyat_guncelle.php?error=1] İlk veritabanına bağlanıldı.
[06-03-2025 11:11:58] [/update/hizli_fiyat_guncelle.php?product_name=&barcode=&product_group=1&brand_id=5&min_price=&max_price=] İlk veritabanına bağlanıldı.
[06-03-2025 16:26:28] [/update/hizli_fiyat_guncelle.php?product_name=&barcode=&product_group=1&brand_id=6&min_price=&max_price=] İlk veritabanına bağlanıldı.
[06-03-2025 16:32:48] [/update/hizli_fiyat_guncelle.php?product_name=&barcode=&product_group=1&brand_id=&min_price=&max_price=] İlk veritabanına bağlanıldı.
[06-03-2025 16:33:15] [/update/hizli_fiyat_guncelle.php?product_name=&barcode=&product_group=&brand_id=3&min_price=&max_price=] İlk veritabanına bağlanıldı.
[06-03-2025 16:33:38] [/update/hizli_fiyat_guncelle.php?product_name=&barcode=&product_group=2&brand_id=5&min_price=&max_price=] İlk veritabanına bağlanıldı.
[06-03-2025 16:34:00] [/update/hizli_fiyat_guncelle.php?product_name=Monte+&barcode=&product_group=1&brand_id=6&min_price=&max_price=] İlk veritabanına bağlanıldı.
[06-03-2025 16:34:10] [/update/hizli_fiyat_guncelle.php?product_name=&barcode=&product_group=&brand_id=&min_price=&max_price=] İlk veritabanına bağlanıldı.
[06-03-2025 20:27:07] [/update/hizli_fiyat_guncelle.php?product_name=&barcode=&product_group=2&brand_id=6&min_price=&max_price=] İlk veritabanına bağlanıldı.
[06-03-2025 20:27:16] [/update/hizli_fiyat_guncelle.php?product_name=&barcode=&product_group=2&brand_id=3&min_price=&max_price=] İlk veritabanına bağlanıldı.
[06-03-2025 20:27:40] [/update/hizli_fiyat_guncelle.php?product_name=&barcode=86937887&product_group=2&brand_id=3&min_price=&max_price=] İlk veritabanına bağlanıldı.
[06-03-2025 20:38:58] [/update/hizli_fiyat_guncelle.php?product_name=&barcode=&product_group=1&brand_id=6&min_price=&max_price=&success=1] İlk veritabanına bağlanıldı.
[06-03-2025 20:48:49] [/update/hizli_fiyat_guncelle.php?product_name=&barcode=&product_group=2&brand_id=7&min_price=&max_price=] İlk veritabanına bağlanıldı.
[06-03-2025 20:48:58] [/update/hizli_fiyat_guncelle.php?product_name=&barcode=&product_group=2&brand_id=7&min_price=&max_price=&success=1] İlk veritabanına bağlanıldı.
[06-03-2025 21:09:39] [/update/hizli_fiyat_guncelle.php?product_name=&barcode=&product_group=1&brand_id=7&min_price=&max_price=&success=1] İlk veritabanına bağlanıldı.
[07-03-2025 07:12:18] [/update/hizli_fiyat_guncelle.php?action=update] İlk veritabanına bağlanıldı.
[07-03-2025 07:15:41] [/update/hizli_fiyat_guncelle.php?action=update&success=1] İlk veritabanına bağlanıldı.
[07-03-2025 07:16:01] [/update/hizli_fiyat_guncelle.php?product_name=&barcode=&product_group=2&brand_id=4&min_price=&max_price=] İlk veritabanına bağlanıldı.
[07-03-2025 09:19:38] [/update/urun_navigasyon_guncelle.php?product_id=127] İlk veritabanına bağlanıldı.
[07-03-2025 09:40:13] [/update/urun_navigasyon_guncelle.php?product_id=43] İlk veritabanına bağlanıldı.
[07-03-2025 09:44:44] [/update/urun_navigasyon_guncelle.php?product_id=33] İlk veritabanına bağlanıldı.
[07-03-2025 09:44:53] [/update/urun_navigasyon_guncelle.php?product_id=33&success=1] İlk veritabanına bağlanıldı.
[07-03-2025 09:50:59] [/update/urun_navigasyon_guncelle.php?product_id=27] İlk veritabanına bağlanıldı.
[07-03-2025 10:17:55] [/update/urun_navigasyon_guncelle.php?product_id=48&success=1] İlk veritabanına bağlanıldı.
[07-03-2025 15:21:26] [/update/urun_navigasyon_guncelle.php?product_id=68] İlk veritabanına bağlanıldı.
[07-03-2025 15:25:38] [/update/urun_navigasyon_guncelle.php?product_id=55] İlk veritabanına bağlanıldı.
[07-03-2025 15:25:48] [/update/urun_navigasyon_guncelle.php?product_id=53] İlk veritabanına bağlanıldı.
[07-03-2025 16:54:19] [/update/urun_navigasyon_guncelle.php?product_id=16&success=1] İlk veritabanına bağlanıldı.
[07-03-2025 21:31:03] [/update/urun_navigasyon_guncelle.php?product_id=53&success=1] İlk veritabanına bağlanıldı.
[07-03-2025 21:31:16] [/update/urun_navigasyon_guncelle.php?product_id=47&success=1] İlk veritabanına bağlanıldı.
[07-03-2025 21:35:43] [/update/urun_navigasyon_guncelle.php?product_id=40&success=1] İlk veritabanına bağlanıldı.
[07-03-2025 21:43:40] [/update/urun_navigasyon_guncelle.php?product_id=56] İlk veritabanına bağlanıldı.
[07-03-2025 21:43:47] [/update/urun_navigasyon_guncelle.php?product_id=56&success=1] İlk veritabanına bağlanıldı.
[07-03-2025 21:46:52] [/update/urun_navigasyon_guncelle.php?product_id=57] İlk veritabanına bağlanıldı.
[07-03-2025 23:53:48] [/urunler/urun_duzenle.php?id=19] İlk veritabanına bağlanıldı.
[07-03-2025 23:54:16] [/urunler/urun_sil.php?id=56] İlk veritabanına bağlanıldı.
[07-03-2025 23:56:51] [/urunler/urun_listesi.php?product_name=&barcode=&product_group=1&brand_id=6&min_price=&max_price=&order_by=name_asc] İlk veritabanına bağlanıldı.
[08-03-2025 00:04:22] [/urunler/urun_listesi.php?product_name=&barcode=&product_group=&brand_id=&min_price=&max_price=&order_by=id] İlk veritabanına bağlanıldı.
[08-03-2025 00:05:41] [/urunler/urun_duzenle.php?id=45] İlk veritabanına bağlanıldı.
[08-03-2025 00:06:23] [/urunler/urun_listesi.php?product_name=&barcode=&product_group=&brand_id=&min_price=50&max_price=60&order_by=id] İlk veritabanına bağlanıldı.
[07-03-2025 22:07:59] [/update/urun_navigasyon_guncelle.php?product_id=52] İlk veritabanına bağlanıldı.
[07-03-2025 22:08:09] [/update/urun_navigasyon_guncelle.php?product_id=52&success=1] İlk veritabanına bağlanıldı.
[08-03-2025 04:59:23] [/musteriler/odeme_yap.php] İlk veritabanına bağlanıldı.
[08-03-2025 04:59:24] [/musteriler/musteri_detay.php?customer_id=0] İlk veritabanına bağlanıldı.
[09-03-2025 18:40:27] [/musteriler/musteri_sil.php] İlk veritabanına bağlanıldı.
[10-03-2025 05:04:04] [/kasa_yonetim/kasa_sil.php?id=20] İlk veritabanına bağlanıldı.
[11-03-2025 14:30:46] [/update/hizli_fiyat_guncelle.php] İlk veritabanına bağlanırken hata oluştu: SQLSTATE[HY000] [2002] Connection refused
[11-03-2025 14:30:46] [/update/hizli_fiyat_guncelle.php] İkinci veritabanına bağlanırken hata oluştu: SQLSTATE[HY000] [2002] php_network_getaddresses: getaddrinfo for sql210.infinityfree.com failed: No address associated with hostname
[11-03-2025 18:23:59] [/grupdurum3.php] İlk veritabanına bağlanıldı.
[11-03-2025 19:31:27] [/grupdurum4.php] İlk veritabanına bağlanıldı.
[11-03-2025 14:35:51] [/auth/uyeislemleri/girisyap.php] İlk veritabanına bağlanırken hata oluştu: SQLSTATE[HY000] [2002] No such file or directory
[11-03-2025 14:35:51] [/auth/uyeislemleri/girisyap.php] İkinci veritabanına bağlanıldı.
[11-03-2025 14:38:14] [/grupdurum4.php] İlk veritabanına bağlanırken hata oluştu: SQLSTATE[HY000] [2002] No such file or directory
[11-03-2025 14:38:14] [/grupdurum4.php] İkinci veritabanına bağlanıldı.
[11-03-2025 22:38:34] [/urunler/urun_listesi.php?product_name=Tekel&barcode=&product_group=&brand_id=&min_price=&max_price=&order_by=] İlk veritabanına bağlanıldı.
[11-03-2025 20:39:22] [/update/hizli_fiyat_guncelle.php?product_name=&barcode=&product_group=&brand_id=2&min_price=&max_price=] İlk veritabanına bağlanıldı.
[11-03-2025 20:40:28] [/update/hizli_fiyat_guncelle.php?product_name=&barcode=&product_group=&brand_id=4&min_price=&max_price=] İlk veritabanına bağlanıldı.
[11-03-2025 20:41:30] [/update/hizli_fiyat_guncelle.php?product_name=&barcode=&product_group=&brand_id=2&min_price=&max_price=&success=1] İlk veritabanına bağlanıldı.
[11-03-2025 20:47:31] [/update/hizli_fiyat_guncelle.php?product_name=&barcode=&product_group=2&brand_id=2&min_price=&max_price=] İlk veritabanına bağlanıldı.
[11-03-2025 22:51:24] [/urunler/urun_listesi.php?product_name=&barcode=&product_group=2&brand_id=2&min_price=&max_price=&order_by=] İlk veritabanına bağlanıldı.
[11-03-2025 22:51:45] [/urunler/urun_duzenle.php?id=22] İlk veritabanına bağlanıldı.
[11-03-2025 22:53:21] [/urunler/urun_duzenle.php?id=23] İlk veritabanına bağlanıldı.
[11-03-2025 22:57:01] [/urunler/urun_duzenle.php?id=24] İlk veritabanına bağlanıldı.
[11-03-2025 21:14:35] [/assets/src/config/schema..php] İlk veritabanına bağlanıldı.
[12-03-2025 04:30:24] [/update/hizli_fiyat_guncelle.php?product_name=Tekel&barcode=&product_group=&brand_id=&min_price=&max_price=] İlk veritabanına bağlanıldı.
[12-03-2025 04:30:37] [/update/hizli_fiyat_guncelle.php?product_name=Tekel&barcode=&product_group=&brand_id=&min_price=&max_price=&success=1] İlk veritabanına bağlanıldı.
[12-03-2025 04:31:03] [/update/hizli_fiyat_guncelle.php?product_name=Kent+d+range&barcode=&product_group=&brand_id=&min_price=&max_price=] İlk veritabanına bağlanıldı.
[12-03-2025 06:42:22] [/urunler/urun_duzenle.php?id=21] İlk veritabanına bağlanıldı.
[12-03-2025 06:52:20] [/urunler/urun_listesi.php?product_name=&barcode=T364334&product_group=&brand_id=&min_price=&max_price=&order_by=] İlk veritabanına bağlanıldı.
[12-03-2025 06:52:28] [/urunler/urun_listesi.php?product_name=&barcode=5534533&product_group=&brand_id=&min_price=&max_price=&order_by=] İlk veritabanına bağlanıldı.
[12-03-2025 06:52:51] [/urunler/urun_listesi.php?product_name=&barcode=86933261&product_group=&brand_id=&min_price=&max_price=&order_by=] İlk veritabanına bağlanıldı.
[12-03-2025 04:56:37] [/update/hizli_fiyat_guncelle.php?product_name=&barcode=86933261&product_group=&brand_id=&min_price=&max_price=] İlk veritabanına bağlanıldı.
[12-03-2025 06:58:10] [/urunler/urun_duzenle.php?id=38] İlk veritabanına bağlanıldı.
[12-03-2025 07:19:37] [/urunler/urun_listesi.php?product_name=&barcode=2422522432&product_group=&brand_id=&min_price=&max_price=&order_by=] İlk veritabanına bağlanıldı.
[12-03-2025 07:19:51] [/urunler/urun_listesi.php?product_name=&barcode=1&product_group=&brand_id=&min_price=&max_price=&order_by=] İlk veritabanına bağlanıldı.
[12-03-2025 07:20:12] [/urunler/urun_listesi.php?product_name=&barcode=8684496200513&product_group=&brand_id=&min_price=&max_price=&order_by=] İlk veritabanına bağlanıldı.
[12-03-2025 07:59:36] [/urunler/urun_listesi.php?product_name=&barcode=6755335652264326346] İlk veritabanına bağlanıldı.
[12-03-2025 08:39:13] [/urunler/urun_listesi.php?product_name=&barcode=4152362366&product_group=&brand_id=&min_price=&max_price=&order_by=] İlk veritabanına bağlanıldı.
[12-03-2025 06:47:24] [/update/hizli_fiyat_guncelle.php?product_name=&barcode=9789753939324&product_group=&brand_id=&min_price=&max_price=] İlk veritabanına bağlanıldı.
[12-03-2025 09:09:56] [/urunler/urun_listesi.php?product_name=urun_duzenle.php] İlk veritabanına bağlanıldı.
[12-03-2025 09:10:04] [/urunler/urun_listesi.php?product_name=124124312433] İlk veritabanına bağlanıldı.
[12-03-2025 07:10:56] [/update/hizli_fiyat_guncelle.php?product_name=Camel] İlk veritabanına bağlanıldı.
[12-03-2025 09:38:42] [/musteriler/musteri_duzenle.php?id=1] İlk veritabanına bağlanıldı.
[12-03-2025 07:44:43] [/update/hizli_fiyat_guncelle.php?product_name=Camel&success=1] İlk veritabanına bağlanıldı.
[12-03-2025 08:09:07] [/assets/src/config/schema.php] İlk veritabanına bağlanıldı.
[12-03-2025 10:51:36] [/urunler/urun_duzenle.php?id=1] İlk veritabanına bağlanırken hata oluştu: SQLSTATE[HY000] [2002] No such file or directory
[12-03-2025 10:51:36] [/urunler/urun_duzenle.php?id=1] İkinci veritabanına bağlanıldı.
[12-03-2025 11:06:06] [/urunler/urun_listesi.php?product_name=&barcode=3&product_group=&brand_id=&min_price=&max_price=&order_by=barcode] İlk veritabanına bağlanırken hata oluştu: SQLSTATE[HY000] [2002] No such file or directory
[12-03-2025 11:06:06] [/urunler/urun_listesi.php?product_name=&barcode=3&product_group=&brand_id=&min_price=&max_price=&order_by=barcode] İkinci veritabanına bağlanıldı.
[19-03-2025 16:11:30] [/urunler/urun_listesi.php?product_name=Ro&barcode=0&product_group=&brand_id=&min_price=&max_price=&order_by=] İlk veritabanına bağlanıldı.
[19-03-2025 16:12:42] [/urunler/urun_duzenle.php?id=115] İlk veritabanına bağlanıldı.
[19-03-2025 16:13:30] [/urunler/urun_duzenle.php?id=111] İlk veritabanına bağlanıldı.
[19-03-2025 16:13:52] [/urunler/urun_listesi.php?product_name=Marl&barcode=1&product_group=&brand_id=&min_price=&max_price=&order_by=] İlk veritabanına bağlanıldı.
[19-03-2025 16:14:02] [/urunler/urun_listesi.php?product_name=mal&barcode=9&product_group=&brand_id=&min_price=&max_price=&order_by=] İlk veritabanına bağlanıldı.
[19-03-2025 16:14:14] [/urunler/urun_listesi.php?product_name=M&barcode=5555&product_group=&brand_id=&min_price=&max_price=&order_by=] İlk veritabanına bağlanıldı.
[19-03-2025 16:14:24] [/urunler/urun_listesi.php?product_name=M&barcode=9&product_group=&brand_id=&min_price=&max_price=&order_by=] İlk veritabanına bağlanıldı.
[19-03-2025 16:19:10] [/urunler/urun_listesi.php?product_name=&barcode=1&product_group=&brand_id=&min_price=&max_price=&order_by=name_asc] İlk veritabanına bağlanıldı.
[19-03-2025 17:38:33] [/urunler/urun_duzenle.php?id=28] İlk veritabanına bağlanıldı.
[19-03-2025 17:47:12] [/urunler/urun_duzenle.php?id=31] İlk veritabanına bağlanıldı.
[19-03-2025 17:47:34] [/urunler/urun_duzenle.php?id=32] İlk veritabanına bağlanıldı.
[19-03-2025 18:24:28] [/urunler/urun_duzenle.php?id=141] İlk veritabanına bağlanıldı.
[19-03-2025 18:26:26] [/urunler/urun_listesi.php?product_name=&barcode=86940702&product_group=&brand_id=&min_price=&max_price=&order_by=] İlk veritabanına bağlanıldı.
[20-03-2025 06:14:30] [/urunler/urun_listesi.php?product_name=Monte&barcode=+&product_group=&brand_id=&min_price=&max_price=&order_by=] İlk veritabanına bağlanıldı.
[20-03-2025 06:14:44] [/urunler/urun_listesi.php?product_name=Monte&barcode=2&product_group=&brand_id=&min_price=&max_price=&order_by=] İlk veritabanına bağlanıldı.
[20-03-2025 07:01:08] [/urunler/urun_duzenle.php?id=37] İlk veritabanına bağlanıldı.
[20-03-2025 07:49:24] [/urunler/urun_duzenle.php?id=142] İlk veritabanına bağlanıldı.
[20-03-2025 07:49:37] [/urunler/urun_sil.php?id=142] İlk veritabanına bağlanıldı.
[20-03-2025 09:32:19] [/urunler/urun_sil.php?id=127] İlk veritabanına bağlanıldı.
[20-03-2025 10:14:45] [/urunler/urun_listesi.php?product_name=&barcode=8698657561993&product_group=&brand_id=&min_price=&max_price=&order_by=] İlk veritabanına bağlanıldı.
[20-03-2025 11:39:00] [/urunler/urun_duzenle.php?id=127] İlk veritabanına bağlanıldı.
[20-03-2025 11:57:32] [/urunler/urun_listesi.php?product_name=&barcode=5000112664492&product_group=&brand_id=&min_price=&max_price=&order_by=] İlk veritabanına bağlanıldı.
[20-03-2025 15:45:49] [/urunler/urun_duzenle.php?id=96] İlk veritabanına bağlanıldı.
[20-03-2025 15:52:25] [/urunler/urun_listesi.php?product_name=Kent&barcode=&product_group=&brand_id=&min_price=&max_price=&order_by=name_desc] İlk veritabanına bağlanıldı.
[20-03-2025 15:52:39] [/urunler/urun_listesi.php?product_name=Eti&barcode=&product_group=2&brand_id=&min_price=&max_price=&order_by=name_desc] İlk veritabanına bağlanıldı.
[20-03-2025 15:52:46] [/urunler/urun_listesi.php?product_name=&barcode=&product_group=2&brand_id=&min_price=&max_price=&order_by=id] İlk veritabanına bağlanıldı.
[20-03-2025 13:53:50] [/update/hizli_fiyat_guncelle.php?product_name=Kent&barcode=&product_group=&brand_id=&min_price=&max_price=] İlk veritabanına bağlanıldı.
[20-03-2025 15:58:07] [/urunler/urun_listesi.php?product_name=&barcode=8698313583420&product_group=&brand_id=&min_price=&max_price=&order_by=] İlk veritabanına bağlanıldı.
[20-03-2025 15:58:22] [/urunler/urun_listesi.php?product_name=&barcode=8698313585318&product_group=&brand_id=&min_price=&max_price=&order_by=] İlk veritabanına bağlanıldı.
[20-03-2025 16:46:55] [/urunler/urun_sil.php?id=95] İlk veritabanına bağlanıldı.
[21-03-2025 16:29:15] [/urunler/urun_listesi.php?product_name=&barcode=5000112664980&product_group=&brand_id=&min_price=&max_price=&order_by=name_asc] İlk veritabanına bağlanıldı.
[21-03-2025 17:39:31] [/urunler/urun_duzenle.php?id=151] İlk veritabanına bağlanıldı.
[21-03-2025 17:40:48] [/urunler/urun_listesi.php?product_name=marlbora&barcode=&product_group=&brand_id=&min_price=&max_price=&order_by=id] İlk veritabanına bağlanıldı.
[21-03-2025 17:41:14] [/urunler/urun_listesi.php?product_name=marl&barcode=&product_group=&brand_id=&min_price=&max_price=&order_by=id] İlk veritabanına bağlanıldı.
[21-03-2025 17:42:44] [/urunler/urun_listesi.php?product_name=Camel&barcode=&product_group=&brand_id=&min_price=&max_price=&order_by=id] İlk veritabanına bağlanıldı.
[21-03-2025 17:47:56] [/urunler/urun_listesi.php?product_name=Ld&barcode=&product_group=&brand_id=&min_price=&max_price=&order_by=id] İlk veritabanına bağlanıldı.
[21-03-2025 17:48:08] [/urunler/urun_listesi.php?product_name=LD&barcode=&product_group=&brand_id=&min_price=&max_price=&order_by=id] İlk veritabanına bağlanıldı.
[21-03-2025 17:48:47] [/urunler/urun_listesi.php?product_name=winston&barcode=&product_group=&brand_id=&min_price=&max_price=&order_by=id] İlk veritabanına bağlanıldı.
[21-03-2025 17:58:12] [/urunler/urun_listesi.php?product_name=wintson&barcode=&product_group=&brand_id=&min_price=&max_price=&order_by=id] İlk veritabanına bağlanıldı.
[21-03-2025 17:58:36] [/urunler/urun_listesi.php?product_name=Monte&barcode=&product_group=&brand_id=&min_price=&max_price=&order_by=id] İlk veritabanına bağlanıldı.
[21-03-2025 18:01:56] [/urunler/urun_listesi.php?product_name=deep+blue&barcode=&product_group=&brand_id=&min_price=&max_price=&order_by=id] İlk veritabanına bağlanıldı.
[21-03-2025 18:03:46] [/urunler/urun_listesi.php?product_name=kent&barcode=&product_group=&brand_id=&min_price=&max_price=&order_by=id] İlk veritabanına bağlanıldı.
[21-03-2025 18:08:43] [/urunler/urun_listesi.php?product_name=ROTHMANS&barcode=&product_group=&brand_id=&min_price=&max_price=&order_by=id] İlk veritabanına bağlanıldı.
[21-03-2025 18:09:01] [/urunler/urun_listesi.php?product_name=Roy&barcode=&product_group=&brand_id=&min_price=&max_price=&order_by=id] İlk veritabanına bağlanıldı.
[21-03-2025 18:09:04] [/urunler/urun_listesi.php?product_name=Rot&barcode=&product_group=&brand_id=&min_price=&max_price=&order_by=id] İlk veritabanına bağlanıldı.
[21-03-2025 18:09:27] [/urunler/urun_listesi.php?product_name=Tekel&barcode=&product_group=&brand_id=&min_price=&max_price=&order_by=id] İlk veritabanına bağlanıldı.
[21-03-2025 18:12:58] [/urunler/urun_listesi.php?product_name=Samsun&barcode=&product_group=&brand_id=&min_price=&max_price=&order_by=id] İlk veritabanına bağlanıldı.
[21-03-2025 18:18:40] [/urunler/urun_listesi.php?product_name=PARLIAMENT&barcode=&product_group=&brand_id=&min_price=&max_price=&order_by=id] İlk veritabanına bağlanıldı.
[21-03-2025 18:19:56] [/urunler/urun_listesi.php?product_name=Par&barcode=&product_group=&brand_id=&min_price=&max_price=&order_by=id] İlk veritabanına bağlanıldı.
[21-03-2025 18:20:14] [/urunler/urun_listesi.php?product_name=MIDNIGHT&barcode=&product_group=&brand_id=&min_price=&max_price=&order_by=id] İlk veritabanına bağlanıldı.
[21-03-2025 18:20:26] [/urunler/urun_listesi.php?product_name=MARLBORO&barcode=&product_group=&brand_id=&min_price=&max_price=&order_by=id] İlk veritabanına bağlanıldı.
[21-03-2025 18:22:08] [/urunler/urun_listesi.php?product_name=Edge&barcode=&product_group=&brand_id=&min_price=&max_price=&order_by=id] İlk veritabanına bağlanıldı.
[21-03-2025 18:22:21] [/urunler/urun_listesi.php?product_name=Muratti&barcode=&product_group=&brand_id=&min_price=&max_price=&order_by=id] İlk veritabanına bağlanıldı.
[21-03-2025 18:22:43] [/urunler/urun_listesi.php?product_name=Lark&barcode=&product_group=&brand_id=&min_price=&max_price=&order_by=id] İlk veritabanına bağlanıldı.
[21-03-2025 18:23:07] [/urunler/urun_listesi.php?product_name=CHESTERFIELD&barcode=&product_group=&brand_id=&min_price=&max_price=&order_by=id] İlk veritabanına bağlanıldı.
[22-03-2025 01:00:24] [/urunler/urun_listesi.php?product_name=&barcode=86939775&product_group=&brand_id=&min_price=&max_price=&order_by=] İlk veritabanına bağlanıldı.
[03-05-2025 15:05:57] [/urun_gruplari/urun_grubu_sil.php?id=2] İlk veritabanına bağlanıldı.
[03-05-2025 15:06:04] [/urun_gruplari/urun_grubu_sil.php?id=1] İlk veritabanına bağlanıldı.
[03-05-2025 15:06:21] [/marka/marka_sil.php?id=11] İlk veritabanına bağlanıldı.
[24-05-2025 03:14:50] [/marka/marka_duzenle.php?id=6] İlk veritabanına bağlanıldı.
[24-05-2025 03:57:21] [/marka/marka_sil.php?id=8] İlk veritabanına bağlanıldı.
